  adler32.c
  compress.c
  crc32.c
  deflate.c
  inffast.c
  inflate.c
  inftrees.c
  trees.c
  uncompr.c
  zutil.c
  png.c
  pngerror.c
  pnggccrd.c
  pngget.c
  pngmem.c
  pngpread.c
  pngread.c
  pngrio.c
  pngrtran.c
  pngrutil.c
  pngset.c
  pngtrans.c
  pngvcrd.c
  pngwio.c
  pngwrite.c
  pngwtran.c
  pngwutil.c
  image_DXT.c
  SOIL.c
  stb_image_aug.c
  jcapimin.c
  jcapistd.c
  jccoefct.c
  jccolor.c
  jcdctmgr.c
  jchuff.c
  jcinit.c
  jcmainct.c
  jcmarker.c
  jcmaster.c
  jcomapi.c
  jcparam.c
  jcphuff.c
  jcprepct.c
  jcsample.c
  jctrans.c
  jdapimin.c
  jdapistd.c
  jdatadst.c
  jdatasrc.c
  jdcoefct.c
  jdcolor.c
  jddctmgr.c
  jdhuff.c
  jdinput.c
  jdmainct.c
  jdmarker.c
  jdmaster.c
  jdmerge.c
  jdphuff.c
  jdpostct.c
  jdsample.c
  jdtrans.c
  jerror.c
  jfdctflt.c
  jfdctfst.c
  jfdctint.c
  jidctflt.c
  jidctfst.c
  jidctint.c
  jidctred.c
  jmemmgr.c
  jmemnobs.c
  jquant1.c
  jquant2.c
  jutils.c
  glew.c
  Color.cpp
  Drawable.cpp
  Font.cpp
  FontLoader.cpp
  GraphicsContext.cpp
  Image.cpp
  Matrix3.cpp
  PostFX.cpp
  RenderTarget.cpp
  RenderWindow.cpp
  Shape.cpp
  Sprite.cpp
  String.cpp
  View.cpp
  ImageLoader.cpp
C:\Program Files (x86)\MSBuild\Microsoft.Cpp\v4.0\Microsoft.CppBuild.targets(990,5): warning MSB8012: TargetPath(C:\SFML-1.6\build\vc2008\..\..\Temp\vc2008\sfml-graphics\Debug DLL\sfml-graphics.dll) does not match the Linker's OutputFile property value (C:\SFML-1.6\lib\vc2008\sfml-graphics-d.dll). This may cause your project to build incorrectly. To correct this, please make sure that $(OutDir), $(TargetName) and $(TargetExt) property values match the value specified in %(Link.OutputFile).
C:\Program Files (x86)\MSBuild\Microsoft.Cpp\v4.0\Microsoft.CppBuild.targets(992,5): warning MSB8012: TargetName(sfml-graphics) does not match the Linker's OutputFile property value (sfml-graphics-d). This may cause your project to build incorrectly. To correct this, please make sure that $(OutDir), $(TargetName) and $(TargetExt) property values match the value specified in %(Link.OutputFile).
     Creating library C:\SFML-1.6\build\vc2008\..\..\Temp\vc2008\sfml-graphics\Debug DLL\sfml-graphics.lib and object C:\SFML-1.6\build\vc2008\..\..\Temp\vc2008\sfml-graphics\Debug DLL\sfml-graphics.exp
LINK : warning LNK4098: defaultlib 'LIBCMT' conflicts with use of other libs; use /NODEFAULTLIB:library
     Creating library C:\SFML-1.6\build\vc2008\..\..\Temp\vc2008\sfml-graphics\Debug DLL\sfml-graphics.lib and object C:\SFML-1.6\build\vc2008\..\..\Temp\vc2008\sfml-graphics\Debug DLL\sfml-graphics.exp
LINK : warning LNK4098: defaultlib 'LIBCMT' conflicts with use of other libs; use /NODEFAULTLIB:library
  sfml-graphics.vcxproj -> C:\SFML-1.6\build\vc2008\..\..\Temp\vc2008\sfml-graphics\Debug DLL\sfml-graphics.dll
