Build started 07/02/2013 19:51:25.
     1>Project "C:\Coding\Unity\SFML\SFMLGame\SFMLGameClient\SFMLGameClient.vcxproj" on node 2 (build target(s)).
     1>InitializeBuildStatus:
         Creating "Debug\SFMLGameClient.unsuccessfulbuild" because "AlwaysCreate" was specified.
       ClCompile:
         c:\Program Files (x86)\Microsoft Visual Studio 10.0\VC\bin\CL.exe /c /I"C:\SFML-1.6\include" /ZI /nologo /W3 /WX- /Od /Oy- /D WIN32 /D _DEBUG /D _CONSOLE /D _UNICODE /D UNICODE /Gm /EHsc /RTC1 /MDd /GS /fp:precise /Zc:wchar_t /Zc:forScope /Fo"Debug\\" /Fd"Debug\vc100.pdb" /Gd /TP /analyze- /errorReport:prompt ..\PacketTypes.cpp ..\SharedConstants.cpp ClientConnector.cpp ClientReceiver.cpp ClientRouter.cpp GameManager.cpp Main.cpp StartScreen.cpp
         StartScreen.cpp
         Main.cpp
         GameManager.cpp
         ClientRouter.cpp
         ClientReceiver.cpp
         ClientConnector.cpp
         SharedConstants.cpp
         PacketTypes.cpp
         Generating Code...
       ManifestResourceCompile:
         All outputs are up-to-date.
       Link:
         c:\Program Files (x86)\Microsoft Visual Studio 10.0\VC\bin\link.exe /ERRORREPORT:PROMPT /OUT:"C:\Coding\Unity\SFML\SFMLGame\Debug\SFMLGameClient.exe" /INCREMENTAL /NOLOGO /LIBPATH:"C:\SFML-1.6\lib\vc2010" "sfml-system-s-d.lib" "sfml-window-s-d.lib" "sfml-graphics-s-d.lib" "sfml-network-s-d.lib" "sfml-main-d.lib" kernel32.lib user32.lib gdi32.lib winspool.lib comdlg32.lib advapi32.lib shell32.lib ole32.lib oleaut32.lib uuid.lib odbc32.lib odbccp32.lib /MANIFEST /ManifestFile:"Debug\SFMLGameClient.exe.intermediate.manifest" /MANIFESTUAC:"level='asInvoker' uiAccess='false'" /DEBUG /PDB:"C:\Coding\Unity\SFML\SFMLGame\Debug\SFMLGameClient.pdb" /SUBSYSTEM:CONSOLE /TLBID:1 /DYNAMICBASE /NXCOMPAT /IMPLIB:"C:\Coding\Unity\SFML\SFMLGame\Debug\SFMLGameClient.lib" /MACHINE:X86 Debug\SFMLGameClient.exe.embed.manifest.res
         Debug\PacketTypes.obj
         Debug\SharedConstants.obj
         Debug\ClientConnector.obj
         Debug\ClientReceiver.obj
         Debug\ClientRouter.obj
         Debug\ClientTransmitter.obj
         Debug\GameManager.obj
         Debug\Main.obj
         Debug\StartScreen.obj
         Debug\TextInputBox.obj
         LINK : C:\Coding\Unity\SFML\SFMLGame\Debug\SFMLGameClient.exe not found or not built by the last incremental link; performing full link
     1>LINK : warning LNK4098: defaultlib 'LIBCMT' conflicts with use of other libs; use /NODEFAULTLIB:library
       Manifest:
         c:\Program Files (x86)\Microsoft SDKs\Windows\v7.0A\bin\mt.exe /nologo /verbose /out:"Debug\SFMLGameClient.exe.embed.manifest" /manifest Debug\SFMLGameClient.exe.intermediate.manifest
         All outputs are up-to-date.
       LinkEmbedManifest:
         All outputs are up-to-date.
         SFMLGameClient.vcxproj -> C:\Coding\Unity\SFML\SFMLGame\Debug\SFMLGameClient.exe
       FinalizeBuildStatus:
         Deleting file "Debug\SFMLGameClient.unsuccessfulbuild".
         Touching "Debug\SFMLGameClient.lastbuildstate".
     1>Done Building Project "C:\Coding\Unity\SFML\SFMLGame\SFMLGameClient\SFMLGameClient.vcxproj" (build target(s)).

Build succeeded.

Time Elapsed 00:00:09.03
