C:\USERS\ELLIOT\DROPBOX\SFML PROJECT\SFMLGAME - COPY\DEBUG\SFMLGAMECLIENT.EXE
C:\USERS\ELLIOT\DROPBOX\SFML PROJECT\SFMLGAME - COPY\DEBUG\SFMLGAMECLIENT.ILK
C:\USERS\ELLIOT\DROPBOX\SFML PROJECT\SFMLGAME - COPY\DEBUG\SFMLGAMECLIENT.PDB
C:\USERS\ELLIOT\DROPBOX\SFML PROJECT\SFMLGAME - COPY\SFMLGAMECLIENT\DEBUG\CLIENTRECEIVER.OBJ
C:\USERS\ELLIOT\DROPBOX\SFML PROJECT\SFMLGAME - COPY\SFMLGAMECLIENT\DEBUG\CLIENTTRANSMITTER.OBJ
C:\USERS\ELLIOT\DROPBOX\SFML PROJECT\SFMLGAME - COPY\SFMLGAMECLIENT\DEBUG\GAMEMANAGER.OBJ
C:\USERS\ELLIOT\DROPBOX\SFML PROJECT\SFMLGAME - COPY\SFMLGAMECLIENT\DEBUG\GAMESTATE.OBJ
C:\USERS\ELLIOT\DROPBOX\SFML PROJECT\SFMLGAME - COPY\SFMLGAMECLIENT\DEBUG\MAIN.OBJ
C:\USERS\ELLIOT\DROPBOX\SFML PROJECT\SFMLGAME - COPY\SFMLGAMECLIENT\DEBUG\PACKETTYPES.OBJ
C:\USERS\ELLIOT\DROPBOX\SFML PROJECT\SFMLGAME - COPY\SFMLGAMECLIENT\DEBUG\SFMLGAMECLIENT.EXE.EMBED.MANIFEST
C:\USERS\ELLIOT\DROPBOX\SFML PROJECT\SFMLGAME - COPY\SFMLGAMECLIENT\DEBUG\SFMLGAMECLIENT.EXE.EMBED.MANIFEST.RES
C:\USERS\ELLIOT\DROPBOX\SFML PROJECT\SFMLGAME - COPY\SFMLGAMECLIENT\DEBUG\SFMLGAMECLIENT.EXE.INTERMEDIATE.MANIFEST
C:\USERS\ELLIOT\DROPBOX\SFML PROJECT\SFMLGAME - COPY\SFMLGAMECLIENT\DEBUG\SHAREDCONSTANTS.OBJ
C:\USERS\ELLIOT\DROPBOX\SFML PROJECT\SFMLGAME - COPY\SFMLGAMECLIENT\DEBUG\STARTSTATE.OBJ
C:\USERS\ELLIOT\DROPBOX\SFML PROJECT\SFMLGAME - COPY\SFMLGAMECLIENT\DEBUG\STATE.OBJ
C:\USERS\ELLIOT\DROPBOX\SFML PROJECT\SFMLGAME - COPY\SFMLGAMECLIENT\DEBUG\TEXTINPUTBOX.OBJ
C:\USERS\ELLIOT\DROPBOX\SFML PROJECT\SFMLGAME - COPY\SFMLGAMECLIENT\DEBUG\VC100.PDB
C:\USERS\MARK\DESKTOP\SFMLGAME\DEBUG\SFMLGAMECLIENT.EXE
C:\USERS\MARK\DESKTOP\SFMLGAME\DEBUG\SFMLGAMECLIENT.ILK
C:\USERS\MARK\DESKTOP\SFMLGAME\DEBUG\SFMLGAMECLIENT.PDB
C:\Users\Mark\Desktop\SFMLGame\SFMLGameClient\Debug\cl.command.1.tlog
C:\Users\Mark\Desktop\SFMLGame\SFMLGameClient\Debug\CL.read.1.tlog
C:\Users\Mark\Desktop\SFMLGame\SFMLGameClient\Debug\CL.write.1.tlog
C:\USERS\MARK\DESKTOP\SFMLGAME\SFMLGAMECLIENT\DEBUG\CLIENTRECEIVER.OBJ
C:\USERS\MARK\DESKTOP\SFMLGAME\SFMLGAMECLIENT\DEBUG\CLIENTTRANSMITTER.OBJ
C:\USERS\MARK\DESKTOP\SFMLGAME\SFMLGAMECLIENT\DEBUG\GAMEMANAGER.OBJ
C:\USERS\MARK\DESKTOP\SFMLGAME\SFMLGAMECLIENT\DEBUG\GAMESTATE.OBJ
C:\Users\Mark\Desktop\SFMLGame\SFMLGameClient\Debug\link.2596.read.1.tlog
C:\Users\Mark\Desktop\SFMLGame\SFMLGameClient\Debug\link.2596.write.1.tlog
C:\Users\Mark\Desktop\SFMLGame\SFMLGameClient\Debug\link.2596-cvtres.read.1.tlog
C:\Users\Mark\Desktop\SFMLGame\SFMLGameClient\Debug\link.2596-cvtres.write.1.tlog
C:\Users\Mark\Desktop\SFMLGame\SFMLGameClient\Debug\link.3524.read.1.tlog
C:\Users\Mark\Desktop\SFMLGame\SFMLGameClient\Debug\link.3524.write.1.tlog
C:\Users\Mark\Desktop\SFMLGame\SFMLGameClient\Debug\link.3524-cvtres.read.1.tlog
C:\Users\Mark\Desktop\SFMLGame\SFMLGameClient\Debug\link.3524-cvtres.write.1.tlog
C:\Users\Mark\Desktop\SFMLGame\SFMLGameClient\Debug\link.4644.read.1.tlog
C:\Users\Mark\Desktop\SFMLGame\SFMLGameClient\Debug\link.4644.write.1.tlog
C:\Users\Mark\Desktop\SFMLGame\SFMLGameClient\Debug\link.4644-cvtres.read.1.tlog
C:\Users\Mark\Desktop\SFMLGame\SFMLGameClient\Debug\link.4644-cvtres.write.1.tlog
C:\Users\Mark\Desktop\SFMLGame\SFMLGameClient\Debug\link.5572.read.1.tlog
C:\Users\Mark\Desktop\SFMLGame\SFMLGameClient\Debug\link.5572.write.1.tlog
C:\Users\Mark\Desktop\SFMLGame\SFMLGameClient\Debug\link.5572-cvtres.read.1.tlog
C:\Users\Mark\Desktop\SFMLGame\SFMLGameClient\Debug\link.5572-cvtres.write.1.tlog
C:\Users\Mark\Desktop\SFMLGame\SFMLGameClient\Debug\link.5764.read.1.tlog
C:\Users\Mark\Desktop\SFMLGame\SFMLGameClient\Debug\link.5764.write.1.tlog
C:\Users\Mark\Desktop\SFMLGame\SFMLGameClient\Debug\link.5764-cvtres.read.1.tlog
C:\Users\Mark\Desktop\SFMLGame\SFMLGameClient\Debug\link.5764-cvtres.write.1.tlog
C:\Users\Mark\Desktop\SFMLGame\SFMLGameClient\Debug\link.command.1.tlog
C:\Users\Mark\Desktop\SFMLGame\SFMLGameClient\Debug\link.read.1.tlog
C:\Users\Mark\Desktop\SFMLGame\SFMLGameClient\Debug\link.write.1.tlog
C:\Users\Mark\Desktop\SFMLGame\SFMLGameClient\Debug\link-cvtres.read.1.tlog
C:\Users\Mark\Desktop\SFMLGame\SFMLGameClient\Debug\link-cvtres.write.1.tlog
C:\USERS\MARK\DESKTOP\SFMLGAME\SFMLGAMECLIENT\DEBUG\MAIN.OBJ
C:\Users\Mark\Desktop\SFMLGame\SFMLGameClient\Debug\mt.command.1.tlog
C:\Users\Mark\Desktop\SFMLGame\SFMLGameClient\Debug\mt.read.1.tlog
C:\Users\Mark\Desktop\SFMLGame\SFMLGameClient\Debug\mt.write.1.tlog
C:\USERS\MARK\DESKTOP\SFMLGAME\SFMLGAMECLIENT\DEBUG\PACKETTYPES.OBJ
C:\Users\Mark\Desktop\SFMLGame\SFMLGameClient\Debug\rc.command.1.tlog
C:\Users\Mark\Desktop\SFMLGame\SFMLGameClient\Debug\rc.read.1.tlog
C:\Users\Mark\Desktop\SFMLGame\SFMLGameClient\Debug\rc.write.1.tlog
C:\Users\Mark\Desktop\SFMLGame\SFMLGameClient\Debug\SFMLGameClient.exe.embed.manifest
C:\USERS\MARK\DESKTOP\SFMLGAME\SFMLGAMECLIENT\DEBUG\SFMLGAMECLIENT.EXE.EMBED.MANIFEST.RES
C:\USERS\MARK\DESKTOP\SFMLGAME\SFMLGAMECLIENT\DEBUG\SFMLGAMECLIENT.EXE.INTERMEDIATE.MANIFEST
C:\Users\Mark\Desktop\SFMLGame\SFMLGameClient\Debug\SFMLGameClient_manifest.rc
C:\USERS\MARK\DESKTOP\SFMLGAME\SFMLGAMECLIENT\DEBUG\SHAREDCONSTANTS.OBJ
C:\USERS\MARK\DESKTOP\SFMLGAME\SFMLGAMECLIENT\DEBUG\STARTSTATE.OBJ
C:\USERS\MARK\DESKTOP\SFMLGAME\SFMLGAMECLIENT\DEBUG\STATE.OBJ
C:\USERS\MARK\DESKTOP\SFMLGAME\SFMLGAMECLIENT\DEBUG\TEXTINPUTBOX.OBJ
C:\Users\Mark\Desktop\SFMLGame\SFMLGameClient\Debug\vc100.idb
C:\USERS\MARK\DESKTOP\SFMLGAME\SFMLGAMECLIENT\DEBUG\VC100.PDB
