C:\CODING\UNITY\SFML\SFML MERGED 16-03-2013\DEBUG\SFMLGAMECLIENT.EXE
C:\CODING\UNITY\SFML\SFML MERGED 16-03-2013\DEBUG\SFMLGAMECLIENT.ILK
C:\CODING\UNITY\SFML\SFML MERGED 16-03-2013\DEBUG\SFMLGAMECLIENT.PDB
C:\Coding\Unity\SFML\SFML Merged 16-03-2013\SFMLGameClient\Debug\Assets.obj
C:\CODING\UNITY\SFML\SFML MERGED 16-03-2013\SFMLGAMECLIENT\DEBUG\BULLETSPRITE.OBJ
C:\Coding\Unity\SFML\SFML Merged 16-03-2013\SFMLGameClient\Debug\cl.command.1.tlog
C:\Coding\Unity\SFML\SFML Merged 16-03-2013\SFMLGameClient\Debug\CL.read.1.tlog
C:\Coding\Unity\SFML\SFML Merged 16-03-2013\SFMLGameClient\Debug\CL.write.1.tlog
C:\CODING\UNITY\SFML\SFML MERGED 16-03-2013\SFMLGAMECLIENT\DEBUG\CLIENTRECEIVER.OBJ
C:\CODING\UNITY\SFML\SFML MERGED 16-03-2013\SFMLGAMECLIENT\DEBUG\CLIENTTRANSMITTER.OBJ
C:\CODING\UNITY\SFML\SFML MERGED 16-03-2013\SFMLGAMECLIENT\DEBUG\GAMEMANAGER.OBJ
C:\CODING\UNITY\SFML\SFML MERGED 16-03-2013\SFMLGAMECLIENT\DEBUG\GAMESTATE.OBJ
C:\CODING\UNITY\SFML\SFML MERGED 16-03-2013\SFMLGAMECLIENT\DEBUG\HEALTHBARSPRITE.OBJ
C:\CODING\UNITY\SFML\SFML MERGED 16-03-2013\SFMLGAMECLIENT\DEBUG\LEVEL.OBJ
C:\Coding\Unity\SFML\SFML Merged 16-03-2013\SFMLGameClient\Debug\link.11032.read.1.tlog
C:\Coding\Unity\SFML\SFML Merged 16-03-2013\SFMLGameClient\Debug\link.11032.write.1.tlog
C:\Coding\Unity\SFML\SFML Merged 16-03-2013\SFMLGameClient\Debug\link.11032-cvtres.read.1.tlog
C:\Coding\Unity\SFML\SFML Merged 16-03-2013\SFMLGameClient\Debug\link.11032-cvtres.write.1.tlog
C:\Coding\Unity\SFML\SFML Merged 16-03-2013\SFMLGameClient\Debug\link.1524.read.1.tlog
C:\Coding\Unity\SFML\SFML Merged 16-03-2013\SFMLGameClient\Debug\link.1524.write.1.tlog
C:\Coding\Unity\SFML\SFML Merged 16-03-2013\SFMLGameClient\Debug\link.1524-cvtres.read.1.tlog
C:\Coding\Unity\SFML\SFML Merged 16-03-2013\SFMLGameClient\Debug\link.1524-cvtres.write.1.tlog
C:\Coding\Unity\SFML\SFML Merged 16-03-2013\SFMLGameClient\Debug\link.2012.read.1.tlog
C:\Coding\Unity\SFML\SFML Merged 16-03-2013\SFMLGameClient\Debug\link.2012.write.1.tlog
C:\Coding\Unity\SFML\SFML Merged 16-03-2013\SFMLGameClient\Debug\link.2012-cvtres.read.1.tlog
C:\Coding\Unity\SFML\SFML Merged 16-03-2013\SFMLGameClient\Debug\link.2012-cvtres.write.1.tlog
C:\Coding\Unity\SFML\SFML Merged 16-03-2013\SFMLGameClient\Debug\link.2928.read.1.tlog
C:\Coding\Unity\SFML\SFML Merged 16-03-2013\SFMLGameClient\Debug\link.2928.write.1.tlog
C:\Coding\Unity\SFML\SFML Merged 16-03-2013\SFMLGameClient\Debug\link.2928-cvtres.read.1.tlog
C:\Coding\Unity\SFML\SFML Merged 16-03-2013\SFMLGameClient\Debug\link.2928-cvtres.write.1.tlog
C:\Coding\Unity\SFML\SFML Merged 16-03-2013\SFMLGameClient\Debug\link.3288.read.1.tlog
C:\Coding\Unity\SFML\SFML Merged 16-03-2013\SFMLGameClient\Debug\link.3288.write.1.tlog
C:\Coding\Unity\SFML\SFML Merged 16-03-2013\SFMLGameClient\Debug\link.3288-cvtres.read.1.tlog
C:\Coding\Unity\SFML\SFML Merged 16-03-2013\SFMLGameClient\Debug\link.3288-cvtres.write.1.tlog
C:\Coding\Unity\SFML\SFML Merged 16-03-2013\SFMLGameClient\Debug\link.3548.read.1.tlog
C:\Coding\Unity\SFML\SFML Merged 16-03-2013\SFMLGameClient\Debug\link.3548.write.1.tlog
C:\Coding\Unity\SFML\SFML Merged 16-03-2013\SFMLGameClient\Debug\link.3548-cvtres.read.1.tlog
C:\Coding\Unity\SFML\SFML Merged 16-03-2013\SFMLGameClient\Debug\link.3548-cvtres.write.1.tlog
C:\Coding\Unity\SFML\SFML Merged 16-03-2013\SFMLGameClient\Debug\link.4080.read.1.tlog
C:\Coding\Unity\SFML\SFML Merged 16-03-2013\SFMLGameClient\Debug\link.4080.write.1.tlog
C:\Coding\Unity\SFML\SFML Merged 16-03-2013\SFMLGameClient\Debug\link.4112.read.1.tlog
C:\Coding\Unity\SFML\SFML Merged 16-03-2013\SFMLGameClient\Debug\link.4112.write.1.tlog
C:\Coding\Unity\SFML\SFML Merged 16-03-2013\SFMLGameClient\Debug\link.4112-cvtres.read.1.tlog
C:\Coding\Unity\SFML\SFML Merged 16-03-2013\SFMLGameClient\Debug\link.4112-cvtres.write.1.tlog
C:\Coding\Unity\SFML\SFML Merged 16-03-2013\SFMLGameClient\Debug\link.5492.read.1.tlog
C:\Coding\Unity\SFML\SFML Merged 16-03-2013\SFMLGameClient\Debug\link.5492.write.1.tlog
C:\Coding\Unity\SFML\SFML Merged 16-03-2013\SFMLGameClient\Debug\link.5492-cvtres.read.1.tlog
C:\Coding\Unity\SFML\SFML Merged 16-03-2013\SFMLGameClient\Debug\link.5492-cvtres.write.1.tlog
C:\Coding\Unity\SFML\SFML Merged 16-03-2013\SFMLGameClient\Debug\link.5672.read.1.tlog
C:\Coding\Unity\SFML\SFML Merged 16-03-2013\SFMLGameClient\Debug\link.5672.write.1.tlog
C:\Coding\Unity\SFML\SFML Merged 16-03-2013\SFMLGameClient\Debug\link.5672-cvtres.read.1.tlog
C:\Coding\Unity\SFML\SFML Merged 16-03-2013\SFMLGameClient\Debug\link.5672-cvtres.write.1.tlog
C:\Coding\Unity\SFML\SFML Merged 16-03-2013\SFMLGameClient\Debug\link.5764.read.1.tlog
C:\Coding\Unity\SFML\SFML Merged 16-03-2013\SFMLGameClient\Debug\link.5764.write.1.tlog
C:\Coding\Unity\SFML\SFML Merged 16-03-2013\SFMLGameClient\Debug\link.5764-cvtres.read.1.tlog
C:\Coding\Unity\SFML\SFML Merged 16-03-2013\SFMLGameClient\Debug\link.5764-cvtres.write.1.tlog
C:\Coding\Unity\SFML\SFML Merged 16-03-2013\SFMLGameClient\Debug\link.6708.read.1.tlog
C:\Coding\Unity\SFML\SFML Merged 16-03-2013\SFMLGameClient\Debug\link.6708.write.1.tlog
C:\Coding\Unity\SFML\SFML Merged 16-03-2013\SFMLGameClient\Debug\link.6708-cvtres.read.1.tlog
C:\Coding\Unity\SFML\SFML Merged 16-03-2013\SFMLGameClient\Debug\link.6708-cvtres.write.1.tlog
C:\Coding\Unity\SFML\SFML Merged 16-03-2013\SFMLGameClient\Debug\link.7332.read.1.tlog
C:\Coding\Unity\SFML\SFML Merged 16-03-2013\SFMLGameClient\Debug\link.7332.write.1.tlog
C:\Coding\Unity\SFML\SFML Merged 16-03-2013\SFMLGameClient\Debug\link.7332-cvtres.read.1.tlog
C:\Coding\Unity\SFML\SFML Merged 16-03-2013\SFMLGameClient\Debug\link.7332-cvtres.write.1.tlog
C:\Coding\Unity\SFML\SFML Merged 16-03-2013\SFMLGameClient\Debug\link.8576.read.1.tlog
C:\Coding\Unity\SFML\SFML Merged 16-03-2013\SFMLGameClient\Debug\link.8576.write.1.tlog
C:\Coding\Unity\SFML\SFML Merged 16-03-2013\SFMLGameClient\Debug\link.8576-cvtres.read.1.tlog
C:\Coding\Unity\SFML\SFML Merged 16-03-2013\SFMLGameClient\Debug\link.8576-cvtres.write.1.tlog
C:\Coding\Unity\SFML\SFML Merged 16-03-2013\SFMLGameClient\Debug\link.8864.read.1.tlog
C:\Coding\Unity\SFML\SFML Merged 16-03-2013\SFMLGameClient\Debug\link.8864.write.1.tlog
C:\Coding\Unity\SFML\SFML Merged 16-03-2013\SFMLGameClient\Debug\link.8864-cvtres.read.1.tlog
C:\Coding\Unity\SFML\SFML Merged 16-03-2013\SFMLGameClient\Debug\link.8864-cvtres.write.1.tlog
C:\Coding\Unity\SFML\SFML Merged 16-03-2013\SFMLGameClient\Debug\link.8880.read.1.tlog
C:\Coding\Unity\SFML\SFML Merged 16-03-2013\SFMLGameClient\Debug\link.8880.write.1.tlog
C:\Coding\Unity\SFML\SFML Merged 16-03-2013\SFMLGameClient\Debug\link.8880-cvtres.read.1.tlog
C:\Coding\Unity\SFML\SFML Merged 16-03-2013\SFMLGameClient\Debug\link.8880-cvtres.write.1.tlog
C:\Coding\Unity\SFML\SFML Merged 16-03-2013\SFMLGameClient\Debug\link.9400.read.1.tlog
C:\Coding\Unity\SFML\SFML Merged 16-03-2013\SFMLGameClient\Debug\link.9400.write.1.tlog
C:\Coding\Unity\SFML\SFML Merged 16-03-2013\SFMLGameClient\Debug\link.9400-cvtres.read.1.tlog
C:\Coding\Unity\SFML\SFML Merged 16-03-2013\SFMLGameClient\Debug\link.9400-cvtres.write.1.tlog
C:\Coding\Unity\SFML\SFML Merged 16-03-2013\SFMLGameClient\Debug\link.9572.read.1.tlog
C:\Coding\Unity\SFML\SFML Merged 16-03-2013\SFMLGameClient\Debug\link.9572.write.1.tlog
C:\Coding\Unity\SFML\SFML Merged 16-03-2013\SFMLGameClient\Debug\link.9572-cvtres.read.1.tlog
C:\Coding\Unity\SFML\SFML Merged 16-03-2013\SFMLGameClient\Debug\link.9572-cvtres.write.1.tlog
C:\Coding\Unity\SFML\SFML Merged 16-03-2013\SFMLGameClient\Debug\link.9656.read.1.tlog
C:\Coding\Unity\SFML\SFML Merged 16-03-2013\SFMLGameClient\Debug\link.9656.write.1.tlog
C:\Coding\Unity\SFML\SFML Merged 16-03-2013\SFMLGameClient\Debug\link.9656-cvtres.read.1.tlog
C:\Coding\Unity\SFML\SFML Merged 16-03-2013\SFMLGameClient\Debug\link.9656-cvtres.write.1.tlog
C:\Coding\Unity\SFML\SFML Merged 16-03-2013\SFMLGameClient\Debug\link.9684.read.1.tlog
C:\Coding\Unity\SFML\SFML Merged 16-03-2013\SFMLGameClient\Debug\link.9684.write.1.tlog
C:\Coding\Unity\SFML\SFML Merged 16-03-2013\SFMLGameClient\Debug\link.9684-cvtres.read.1.tlog
C:\Coding\Unity\SFML\SFML Merged 16-03-2013\SFMLGameClient\Debug\link.9684-cvtres.write.1.tlog
C:\Coding\Unity\SFML\SFML Merged 16-03-2013\SFMLGameClient\Debug\link.9716.read.1.tlog
C:\Coding\Unity\SFML\SFML Merged 16-03-2013\SFMLGameClient\Debug\link.9716.write.1.tlog
C:\Coding\Unity\SFML\SFML Merged 16-03-2013\SFMLGameClient\Debug\link.9716-cvtres.read.1.tlog
C:\Coding\Unity\SFML\SFML Merged 16-03-2013\SFMLGameClient\Debug\link.9716-cvtres.write.1.tlog
C:\Coding\Unity\SFML\SFML Merged 16-03-2013\SFMLGameClient\Debug\link.9932.read.1.tlog
C:\Coding\Unity\SFML\SFML Merged 16-03-2013\SFMLGameClient\Debug\link.9932.write.1.tlog
C:\Coding\Unity\SFML\SFML Merged 16-03-2013\SFMLGameClient\Debug\link.9932-cvtres.read.1.tlog
C:\Coding\Unity\SFML\SFML Merged 16-03-2013\SFMLGameClient\Debug\link.9932-cvtres.write.1.tlog
C:\Coding\Unity\SFML\SFML Merged 16-03-2013\SFMLGameClient\Debug\link.command.1.tlog
C:\Coding\Unity\SFML\SFML Merged 16-03-2013\SFMLGameClient\Debug\link.read.1.tlog
C:\Coding\Unity\SFML\SFML Merged 16-03-2013\SFMLGameClient\Debug\link.write.1.tlog
C:\Coding\Unity\SFML\SFML Merged 16-03-2013\SFMLGameClient\Debug\link-cvtres.read.1.tlog
C:\Coding\Unity\SFML\SFML Merged 16-03-2013\SFMLGameClient\Debug\link-cvtres.write.1.tlog
C:\CODING\UNITY\SFML\SFML MERGED 16-03-2013\SFMLGAMECLIENT\DEBUG\MAIN.OBJ
C:\Coding\Unity\SFML\SFML Merged 16-03-2013\SFMLGameClient\Debug\mt.command.1.tlog
C:\Coding\Unity\SFML\SFML Merged 16-03-2013\SFMLGameClient\Debug\mt.read.1.tlog
C:\Coding\Unity\SFML\SFML Merged 16-03-2013\SFMLGameClient\Debug\mt.write.1.tlog
C:\CODING\UNITY\SFML\SFML MERGED 16-03-2013\SFMLGAMECLIENT\DEBUG\PACKETTYPES.OBJ
C:\CODING\UNITY\SFML\SFML MERGED 16-03-2013\SFMLGAMECLIENT\DEBUG\PLAYERSPRITE.OBJ
C:\Coding\Unity\SFML\SFML Merged 16-03-2013\SFMLGameClient\Debug\rc.command.1.tlog
C:\Coding\Unity\SFML\SFML Merged 16-03-2013\SFMLGameClient\Debug\rc.read.1.tlog
C:\Coding\Unity\SFML\SFML Merged 16-03-2013\SFMLGameClient\Debug\rc.write.1.tlog
C:\CODING\UNITY\SFML\SFML MERGED 16-03-2013\SFMLGAMECLIENT\DEBUG\SCOREBOARD.OBJ
C:\Coding\Unity\SFML\SFML Merged 16-03-2013\SFMLGameClient\Debug\SFMLGameClient.exe.embed.manifest
C:\CODING\UNITY\SFML\SFML MERGED 16-03-2013\SFMLGAMECLIENT\DEBUG\SFMLGAMECLIENT.EXE.EMBED.MANIFEST.RES
C:\CODING\UNITY\SFML\SFML MERGED 16-03-2013\SFMLGAMECLIENT\DEBUG\SFMLGAMECLIENT.EXE.INTERMEDIATE.MANIFEST
C:\Coding\Unity\SFML\SFML Merged 16-03-2013\SFMLGameClient\Debug\SFMLGameClient_manifest.rc
C:\CODING\UNITY\SFML\SFML MERGED 16-03-2013\SFMLGAMECLIENT\DEBUG\SHAREDCONSTANTS.OBJ
C:\CODING\UNITY\SFML\SFML MERGED 16-03-2013\SFMLGAMECLIENT\DEBUG\STARTSTATE.OBJ
C:\CODING\UNITY\SFML\SFML MERGED 16-03-2013\SFMLGAMECLIENT\DEBUG\STATE.OBJ
C:\CODING\UNITY\SFML\SFML MERGED 16-03-2013\SFMLGAMECLIENT\DEBUG\TEXTINPUTBOX.OBJ
C:\Coding\Unity\SFML\SFML Merged 16-03-2013\SFMLGameClient\Debug\vc100.idb
C:\CODING\UNITY\SFML\SFML MERGED 16-03-2013\SFMLGAMECLIENT\DEBUG\VC100.PDB
C:\USERS\ELLIOT\DESKTOP\MERGE\SFML-ELLIOT\SFML-MARK\SFML-MARK\SFMLGAME\DEBUG\SFMLGAMECLIENT.EXE
C:\USERS\ELLIOT\DESKTOP\MERGE\SFML-ELLIOT\SFML-MARK\SFML-MARK\SFMLGAME\DEBUG\SFMLGAMECLIENT.ILK
C:\USERS\ELLIOT\DESKTOP\MERGE\SFML-ELLIOT\SFML-MARK\SFML-MARK\SFMLGAME\DEBUG\SFMLGAMECLIENT.PDB
C:\USERS\ELLIOT\DESKTOP\MERGE\SFML-ELLIOT\SFML-MARK\SFML-MARK\SFMLGAME\SFMLGAMECLIENT\DEBUG\BULLETSPRITE.OBJ
C:\USERS\ELLIOT\DESKTOP\MERGE\SFML-ELLIOT\SFML-MARK\SFML-MARK\SFMLGAME\SFMLGAMECLIENT\DEBUG\CLIENTRECEIVER.OBJ
C:\USERS\ELLIOT\DESKTOP\MERGE\SFML-ELLIOT\SFML-MARK\SFML-MARK\SFMLGAME\SFMLGAMECLIENT\DEBUG\CLIENTTRANSMITTER.OBJ
C:\USERS\ELLIOT\DESKTOP\MERGE\SFML-ELLIOT\SFML-MARK\SFML-MARK\SFMLGAME\SFMLGAMECLIENT\DEBUG\GAMEMANAGER.OBJ
C:\USERS\ELLIOT\DESKTOP\MERGE\SFML-ELLIOT\SFML-MARK\SFML-MARK\SFMLGAME\SFMLGAMECLIENT\DEBUG\GAMESTATE.OBJ
C:\USERS\ELLIOT\DESKTOP\MERGE\SFML-ELLIOT\SFML-MARK\SFML-MARK\SFMLGAME\SFMLGAMECLIENT\DEBUG\HEALTHBARSPRITE.OBJ
C:\USERS\ELLIOT\DESKTOP\MERGE\SFML-ELLIOT\SFML-MARK\SFML-MARK\SFMLGAME\SFMLGAMECLIENT\DEBUG\LEVEL.OBJ
C:\USERS\ELLIOT\DESKTOP\MERGE\SFML-ELLIOT\SFML-MARK\SFML-MARK\SFMLGAME\SFMLGAMECLIENT\DEBUG\MAIN.OBJ
C:\USERS\ELLIOT\DESKTOP\MERGE\SFML-ELLIOT\SFML-MARK\SFML-MARK\SFMLGAME\SFMLGAMECLIENT\DEBUG\PACKETTYPES.OBJ
C:\USERS\ELLIOT\DESKTOP\MERGE\SFML-ELLIOT\SFML-MARK\SFML-MARK\SFMLGAME\SFMLGAMECLIENT\DEBUG\PLAYERSPRITE.OBJ
C:\USERS\ELLIOT\DESKTOP\MERGE\SFML-ELLIOT\SFML-MARK\SFML-MARK\SFMLGAME\SFMLGAMECLIENT\DEBUG\SFMLGAMECLIENT.EXE.EMBED.MANIFEST.RES
C:\USERS\ELLIOT\DESKTOP\MERGE\SFML-ELLIOT\SFML-MARK\SFML-MARK\SFMLGAME\SFMLGAMECLIENT\DEBUG\SFMLGAMECLIENT.EXE.INTERMEDIATE.MANIFEST
C:\USERS\ELLIOT\DESKTOP\MERGE\SFML-ELLIOT\SFML-MARK\SFML-MARK\SFMLGAME\SFMLGAMECLIENT\DEBUG\SHAREDCONSTANTS.OBJ
C:\USERS\ELLIOT\DESKTOP\MERGE\SFML-ELLIOT\SFML-MARK\SFML-MARK\SFMLGAME\SFMLGAMECLIENT\DEBUG\STARTSTATE.OBJ
C:\USERS\ELLIOT\DESKTOP\MERGE\SFML-ELLIOT\SFML-MARK\SFML-MARK\SFMLGAME\SFMLGAMECLIENT\DEBUG\STATE.OBJ
C:\USERS\ELLIOT\DESKTOP\MERGE\SFML-ELLIOT\SFML-MARK\SFML-MARK\SFMLGAME\SFMLGAMECLIENT\DEBUG\TEXTINPUTBOX.OBJ
C:\USERS\ELLIOT\DESKTOP\MERGE\SFML-ELLIOT\SFML-MARK\SFML-MARK\SFMLGAME\SFMLGAMECLIENT\DEBUG\VC100.PDB
C:\USERS\MARK\DESKTOP\SFML-MARK\SFMLGAME\DEBUG\SFMLGAMECLIENT.EXE
C:\USERS\MARK\DESKTOP\SFML-MARK\SFMLGAME\DEBUG\SFMLGAMECLIENT.ILK
C:\USERS\MARK\DESKTOP\SFML-MARK\SFMLGAME\DEBUG\SFMLGAMECLIENT.PDB
C:\USERS\MARK\DESKTOP\SFML-MARK\SFMLGAME\SFMLGAMECLIENT\DEBUG\ASSETS.OBJ
C:\USERS\MARK\DESKTOP\SFML-MARK\SFMLGAME\SFMLGAMECLIENT\DEBUG\CLIENTRECEIVER.OBJ
C:\USERS\MARK\DESKTOP\SFML-MARK\SFMLGAME\SFMLGAMECLIENT\DEBUG\CLIENTTRANSMITTER.OBJ
C:\USERS\MARK\DESKTOP\SFML-MARK\SFMLGAME\SFMLGAMECLIENT\DEBUG\GAMEMANAGER.OBJ
C:\USERS\MARK\DESKTOP\SFML-MARK\SFMLGAME\SFMLGAMECLIENT\DEBUG\GAMESTATE.OBJ
C:\USERS\MARK\DESKTOP\SFML-MARK\SFMLGAME\SFMLGAMECLIENT\DEBUG\LEVEL.OBJ
C:\USERS\MARK\DESKTOP\SFML-MARK\SFMLGAME\SFMLGAMECLIENT\DEBUG\MAIN.OBJ
C:\USERS\MARK\DESKTOP\SFML-MARK\SFMLGAME\SFMLGAMECLIENT\DEBUG\PACKETTYPES.OBJ
C:\USERS\MARK\DESKTOP\SFML-MARK\SFMLGAME\SFMLGAMECLIENT\DEBUG\PLAYERSPRITE.OBJ
C:\USERS\MARK\DESKTOP\SFML-MARK\SFMLGAME\SFMLGAMECLIENT\DEBUG\SFMLGAMECLIENT.EXE.EMBED.MANIFEST
C:\USERS\MARK\DESKTOP\SFML-MARK\SFMLGAME\SFMLGAMECLIENT\DEBUG\SFMLGAMECLIENT.EXE.EMBED.MANIFEST.RES
C:\USERS\MARK\DESKTOP\SFML-MARK\SFMLGAME\SFMLGAMECLIENT\DEBUG\SFMLGAMECLIENT.EXE.INTERMEDIATE.MANIFEST
C:\USERS\MARK\DESKTOP\SFML-MARK\SFMLGAME\SFMLGAMECLIENT\DEBUG\SHAREDCONSTANTS.OBJ
C:\USERS\MARK\DESKTOP\SFML-MARK\SFMLGAME\SFMLGAMECLIENT\DEBUG\STARTSTATE.OBJ
C:\USERS\MARK\DESKTOP\SFML-MARK\SFMLGAME\SFMLGAMECLIENT\DEBUG\STATE.OBJ
C:\USERS\MARK\DESKTOP\SFML-MARK\SFMLGAME\SFMLGAMECLIENT\DEBUG\TEXTINPUTBOX.OBJ
C:\USERS\MARK\DESKTOP\SFML-MARK\SFMLGAME\SFMLGAMECLIENT\DEBUG\VC100.PDB
