Build started 19/03/2013 19:57:24.
     1>Project "C:\Coding\Unity\SFML\SFML Merged 16-03-2013\SFMLGameClient\SFMLGameClient.vcxproj" on node 2 (build target(s)).
     1>InitializeBuildStatus:
         Creating "Debug\SFMLGameClient.unsuccessfulbuild" because "AlwaysCreate" was specified.
       ClCompile:
         c:\Program Files (x86)\Microsoft Visual Studio 10.0\VC\bin\CL.exe /c /I"..\SFML-1.6\include" /I"..\rapidxml-1.13" /ZI /nologo /W3 /WX- /Od /Oy- /D WIN32 /D _DEBUG /D _CONSOLE /D _MBCS /Gm /EHsc /MDd /GS /fp:precise /Zc:wchar_t /Zc:forScope /Fo"Debug\\" /Fd"Debug\vc100.pdb" /Gd /TP /analyze- /errorReport:prompt GameManager.cpp GameState.cpp Main.cpp
         GameState.cpp
         Generating Code...
         Compiling...
         GameManager.cpp
         Generating Code...
         Skipping... (no relevant changes detected)
         Main.cpp
       ManifestResourceCompile:
         All outputs are up-to-date.
       Link:
         c:\Program Files (x86)\Microsoft Visual Studio 10.0\VC\bin\link.exe /ERRORREPORT:PROMPT /OUT:"C:\Coding\Unity\SFML\SFML Merged 16-03-2013\Debug\SFMLGameClient.exe" /INCREMENTAL /NOLOGO /LIBPATH:"..\SFML-1.6\lib\vc2010" /LIBPATH:"..\rapidxml-1.13" "sfml-system-s-d.lib" "sfml-window-s-d.lib" "sfml-graphics-s-d.lib" "sfml-network-s-d.lib" "sfml-main-d.lib" kernel32.lib user32.lib gdi32.lib winspool.lib comdlg32.lib advapi32.lib shell32.lib ole32.lib oleaut32.lib uuid.lib odbc32.lib odbccp32.lib /MANIFEST /ManifestFile:"Debug\SFMLGameClient.exe.intermediate.manifest" /MANIFESTUAC:"level='asInvoker' uiAccess='false'" /DEBUG /PDB:"C:\Coding\Unity\SFML\SFML Merged 16-03-2013\Debug\SFMLGameClient.pdb" /SUBSYSTEM:CONSOLE /TLBID:1 /DYNAMICBASE /NXCOMPAT /IMPLIB:"C:\Coding\Unity\SFML\SFML Merged 16-03-2013\Debug\SFMLGameClient.lib" /MACHINE:X86 Debug\SFMLGameClient.exe.embed.manifest.res
         Debug\PacketTypes.obj
         Debug\SharedConstants.obj
         Debug\BulletSprite.obj
         Debug\ClientReceiver.obj
         Debug\ClientTransmitter.obj
         Debug\GameManager.obj
         Debug\GameState.obj
         Debug\HealthBarSprite.obj
         Debug\Level.obj
         Debug\Main.obj
         Debug\PlayerSprite.obj
         Debug\ScoreBoard.obj
         Debug\StartState.obj
         Debug\State.obj
         Debug\TextInputBox.obj
     1>LINK : warning LNK4098: defaultlib 'LIBCMT' conflicts with use of other libs; use /NODEFAULTLIB:library
     1>sfml-system-s-d.lib(Platform.obj) : warning LNK4099: PDB 'vc100.pdb' was not found with 'sfml-system-s-d.lib(Platform.obj)' or at 'C:\Coding\Unity\SFML\SFML Merged 16-03-2013\Debug\vc100.pdb'; linking object as if no debug info
     1>sfml-system-s-d.lib(Clock.obj) : warning LNK4099: PDB 'vc100.pdb' was not found with 'sfml-system-s-d.lib(Clock.obj)' or at 'C:\Coding\Unity\SFML\SFML Merged 16-03-2013\Debug\vc100.pdb'; linking object as if no debug info
     1>sfml-system-s-d.lib(Sleep.obj) : warning LNK4099: PDB 'vc100.pdb' was not found with 'sfml-system-s-d.lib(Sleep.obj)' or at 'C:\Coding\Unity\SFML\SFML Merged 16-03-2013\Debug\vc100.pdb'; linking object as if no debug info
     1>sfml-system-s-d.lib(Unicode.obj) : warning LNK4099: PDB 'vc100.pdb' was not found with 'sfml-system-s-d.lib(Unicode.obj)' or at 'C:\Coding\Unity\SFML\SFML Merged 16-03-2013\Debug\vc100.pdb'; linking object as if no debug info
     1>sfml-window-s-d.lib(Joystick.obj) : warning LNK4099: PDB 'vc100.pdb' was not found with 'sfml-window-s-d.lib(Joystick.obj)' or at 'C:\Coding\Unity\SFML\SFML Merged 16-03-2013\Debug\vc100.pdb'; linking object as if no debug info
     1>sfml-window-s-d.lib(VideoModeSupport.obj) : warning LNK4099: PDB 'vc100.pdb' was not found with 'sfml-window-s-d.lib(VideoModeSupport.obj)' or at 'C:\Coding\Unity\SFML\SFML Merged 16-03-2013\Debug\vc100.pdb'; linking object as if no debug info
     1>sfml-window-s-d.lib(WindowImplWin32.obj) : warning LNK4099: PDB 'vc100.pdb' was not found with 'sfml-window-s-d.lib(WindowImplWin32.obj)' or at 'C:\Coding\Unity\SFML\SFML Merged 16-03-2013\Debug\vc100.pdb'; linking object as if no debug info
     1>sfml-window-s-d.lib(Context.obj) : warning LNK4099: PDB 'vc100.pdb' was not found with 'sfml-window-s-d.lib(Context.obj)' or at 'C:\Coding\Unity\SFML\SFML Merged 16-03-2013\Debug\vc100.pdb'; linking object as if no debug info
     1>sfml-window-s-d.lib(Input.obj) : warning LNK4099: PDB 'vc100.pdb' was not found with 'sfml-window-s-d.lib(Input.obj)' or at 'C:\Coding\Unity\SFML\SFML Merged 16-03-2013\Debug\vc100.pdb'; linking object as if no debug info
     1>sfml-window-s-d.lib(VideoMode.obj) : warning LNK4099: PDB 'vc100.pdb' was not found with 'sfml-window-s-d.lib(VideoMode.obj)' or at 'C:\Coding\Unity\SFML\SFML Merged 16-03-2013\Debug\vc100.pdb'; linking object as if no debug info
     1>sfml-window-s-d.lib(Window.obj) : warning LNK4099: PDB 'vc100.pdb' was not found with 'sfml-window-s-d.lib(Window.obj)' or at 'C:\Coding\Unity\SFML\SFML Merged 16-03-2013\Debug\vc100.pdb'; linking object as if no debug info
     1>sfml-window-s-d.lib(WindowImpl.obj) : warning LNK4099: PDB 'vc100.pdb' was not found with 'sfml-window-s-d.lib(WindowImpl.obj)' or at 'C:\Coding\Unity\SFML\SFML Merged 16-03-2013\Debug\vc100.pdb'; linking object as if no debug info
     1>sfml-graphics-s-d.lib(adler32.obj) : warning LNK4099: PDB 'vc100.pdb' was not found with 'sfml-graphics-s-d.lib(adler32.obj)' or at 'C:\Coding\Unity\SFML\SFML Merged 16-03-2013\Debug\vc100.pdb'; linking object as if no debug info
     1>sfml-graphics-s-d.lib(compress.obj) : warning LNK4099: PDB 'vc100.pdb' was not found with 'sfml-graphics-s-d.lib(compress.obj)' or at 'C:\Coding\Unity\SFML\SFML Merged 16-03-2013\Debug\vc100.pdb'; linking object as if no debug info
     1>sfml-graphics-s-d.lib(crc32.obj) : warning LNK4099: PDB 'vc100.pdb' was not found with 'sfml-graphics-s-d.lib(crc32.obj)' or at 'C:\Coding\Unity\SFML\SFML Merged 16-03-2013\Debug\vc100.pdb'; linking object as if no debug info
     1>sfml-graphics-s-d.lib(deflate.obj) : warning LNK4099: PDB 'vc100.pdb' was not found with 'sfml-graphics-s-d.lib(deflate.obj)' or at 'C:\Coding\Unity\SFML\SFML Merged 16-03-2013\Debug\vc100.pdb'; linking object as if no debug info
     1>sfml-graphics-s-d.lib(inffast.obj) : warning LNK4099: PDB 'vc100.pdb' was not found with 'sfml-graphics-s-d.lib(inffast.obj)' or at 'C:\Coding\Unity\SFML\SFML Merged 16-03-2013\Debug\vc100.pdb'; linking object as if no debug info
     1>sfml-graphics-s-d.lib(inflate.obj) : warning LNK4099: PDB 'vc100.pdb' was not found with 'sfml-graphics-s-d.lib(inflate.obj)' or at 'C:\Coding\Unity\SFML\SFML Merged 16-03-2013\Debug\vc100.pdb'; linking object as if no debug info
     1>sfml-graphics-s-d.lib(inftrees.obj) : warning LNK4099: PDB 'vc100.pdb' was not found with 'sfml-graphics-s-d.lib(inftrees.obj)' or at 'C:\Coding\Unity\SFML\SFML Merged 16-03-2013\Debug\vc100.pdb'; linking object as if no debug info
     1>sfml-graphics-s-d.lib(trees.obj) : warning LNK4099: PDB 'vc100.pdb' was not found with 'sfml-graphics-s-d.lib(trees.obj)' or at 'C:\Coding\Unity\SFML\SFML Merged 16-03-2013\Debug\vc100.pdb'; linking object as if no debug info
     1>sfml-graphics-s-d.lib(zutil.obj) : warning LNK4099: PDB 'vc100.pdb' was not found with 'sfml-graphics-s-d.lib(zutil.obj)' or at 'C:\Coding\Unity\SFML\SFML Merged 16-03-2013\Debug\vc100.pdb'; linking object as if no debug info
     1>sfml-graphics-s-d.lib(png.obj) : warning LNK4099: PDB 'vc100.pdb' was not found with 'sfml-graphics-s-d.lib(png.obj)' or at 'C:\Coding\Unity\SFML\SFML Merged 16-03-2013\Debug\vc100.pdb'; linking object as if no debug info
     1>sfml-graphics-s-d.lib(pngerror.obj) : warning LNK4099: PDB 'vc100.pdb' was not found with 'sfml-graphics-s-d.lib(pngerror.obj)' or at 'C:\Coding\Unity\SFML\SFML Merged 16-03-2013\Debug\vc100.pdb'; linking object as if no debug info
     1>sfml-graphics-s-d.lib(pngmem.obj) : warning LNK4099: PDB 'vc100.pdb' was not found with 'sfml-graphics-s-d.lib(pngmem.obj)' or at 'C:\Coding\Unity\SFML\SFML Merged 16-03-2013\Debug\vc100.pdb'; linking object as if no debug info
     1>sfml-graphics-s-d.lib(pngset.obj) : warning LNK4099: PDB 'vc100.pdb' was not found with 'sfml-graphics-s-d.lib(pngset.obj)' or at 'C:\Coding\Unity\SFML\SFML Merged 16-03-2013\Debug\vc100.pdb'; linking object as if no debug info
     1>sfml-graphics-s-d.lib(pngtrans.obj) : warning LNK4099: PDB 'vc100.pdb' was not found with 'sfml-graphics-s-d.lib(pngtrans.obj)' or at 'C:\Coding\Unity\SFML\SFML Merged 16-03-2013\Debug\vc100.pdb'; linking object as if no debug info
     1>sfml-graphics-s-d.lib(pngwio.obj) : warning LNK4099: PDB 'vc100.pdb' was not found with 'sfml-graphics-s-d.lib(pngwio.obj)' or at 'C:\Coding\Unity\SFML\SFML Merged 16-03-2013\Debug\vc100.pdb'; linking object as if no debug info
     1>sfml-graphics-s-d.lib(pngwrite.obj) : warning LNK4099: PDB 'vc100.pdb' was not found with 'sfml-graphics-s-d.lib(pngwrite.obj)' or at 'C:\Coding\Unity\SFML\SFML Merged 16-03-2013\Debug\vc100.pdb'; linking object as if no debug info
     1>sfml-graphics-s-d.lib(pngwtran.obj) : warning LNK4099: PDB 'vc100.pdb' was not found with 'sfml-graphics-s-d.lib(pngwtran.obj)' or at 'C:\Coding\Unity\SFML\SFML Merged 16-03-2013\Debug\vc100.pdb'; linking object as if no debug info
     1>sfml-graphics-s-d.lib(pngwutil.obj) : warning LNK4099: PDB 'vc100.pdb' was not found with 'sfml-graphics-s-d.lib(pngwutil.obj)' or at 'C:\Coding\Unity\SFML\SFML Merged 16-03-2013\Debug\vc100.pdb'; linking object as if no debug info
     1>sfml-graphics-s-d.lib(image_DXT.obj) : warning LNK4099: PDB 'vc100.pdb' was not found with 'sfml-graphics-s-d.lib(image_DXT.obj)' or at 'C:\Coding\Unity\SFML\SFML Merged 16-03-2013\Debug\vc100.pdb'; linking object as if no debug info
     1>sfml-graphics-s-d.lib(SOIL.obj) : warning LNK4099: PDB 'vc100.pdb' was not found with 'sfml-graphics-s-d.lib(SOIL.obj)' or at 'C:\Coding\Unity\SFML\SFML Merged 16-03-2013\Debug\vc100.pdb'; linking object as if no debug info
     1>sfml-graphics-s-d.lib(stb_image_aug.obj) : warning LNK4099: PDB 'vc100.pdb' was not found with 'sfml-graphics-s-d.lib(stb_image_aug.obj)' or at 'C:\Coding\Unity\SFML\SFML Merged 16-03-2013\Debug\vc100.pdb'; linking object as if no debug info
     1>sfml-graphics-s-d.lib(jcapimin.obj) : warning LNK4099: PDB 'vc100.pdb' was not found with 'sfml-graphics-s-d.lib(jcapimin.obj)' or at 'C:\Coding\Unity\SFML\SFML Merged 16-03-2013\Debug\vc100.pdb'; linking object as if no debug info
     1>sfml-graphics-s-d.lib(jcapistd.obj) : warning LNK4099: PDB 'vc100.pdb' was not found with 'sfml-graphics-s-d.lib(jcapistd.obj)' or at 'C:\Coding\Unity\SFML\SFML Merged 16-03-2013\Debug\vc100.pdb'; linking object as if no debug info
     1>sfml-graphics-s-d.lib(jccoefct.obj) : warning LNK4099: PDB 'vc100.pdb' was not found with 'sfml-graphics-s-d.lib(jccoefct.obj)' or at 'C:\Coding\Unity\SFML\SFML Merged 16-03-2013\Debug\vc100.pdb'; linking object as if no debug info
     1>sfml-graphics-s-d.lib(jccolor.obj) : warning LNK4099: PDB 'vc100.pdb' was not found with 'sfml-graphics-s-d.lib(jccolor.obj)' or at 'C:\Coding\Unity\SFML\SFML Merged 16-03-2013\Debug\vc100.pdb'; linking object as if no debug info
     1>sfml-graphics-s-d.lib(jcdctmgr.obj) : warning LNK4099: PDB 'vc100.pdb' was not found with 'sfml-graphics-s-d.lib(jcdctmgr.obj)' or at 'C:\Coding\Unity\SFML\SFML Merged 16-03-2013\Debug\vc100.pdb'; linking object as if no debug info
     1>sfml-graphics-s-d.lib(jchuff.obj) : warning LNK4099: PDB 'vc100.pdb' was not found with 'sfml-graphics-s-d.lib(jchuff.obj)' or at 'C:\Coding\Unity\SFML\SFML Merged 16-03-2013\Debug\vc100.pdb'; linking object as if no debug info
     1>sfml-graphics-s-d.lib(jcinit.obj) : warning LNK4099: PDB 'vc100.pdb' was not found with 'sfml-graphics-s-d.lib(jcinit.obj)' or at 'C:\Coding\Unity\SFML\SFML Merged 16-03-2013\Debug\vc100.pdb'; linking object as if no debug info
     1>sfml-graphics-s-d.lib(jcmainct.obj) : warning LNK4099: PDB 'vc100.pdb' was not found with 'sfml-graphics-s-d.lib(jcmainct.obj)' or at 'C:\Coding\Unity\SFML\SFML Merged 16-03-2013\Debug\vc100.pdb'; linking object as if no debug info
     1>sfml-graphics-s-d.lib(jcmarker.obj) : warning LNK4099: PDB 'vc100.pdb' was not found with 'sfml-graphics-s-d.lib(jcmarker.obj)' or at 'C:\Coding\Unity\SFML\SFML Merged 16-03-2013\Debug\vc100.pdb'; linking object as if no debug info
     1>sfml-graphics-s-d.lib(jcmaster.obj) : warning LNK4099: PDB 'vc100.pdb' was not found with 'sfml-graphics-s-d.lib(jcmaster.obj)' or at 'C:\Coding\Unity\SFML\SFML Merged 16-03-2013\Debug\vc100.pdb'; linking object as if no debug info
     1>sfml-graphics-s-d.lib(jcomapi.obj) : warning LNK4099: PDB 'vc100.pdb' was not found with 'sfml-graphics-s-d.lib(jcomapi.obj)' or at 'C:\Coding\Unity\SFML\SFML Merged 16-03-2013\Debug\vc100.pdb'; linking object as if no debug info
     1>sfml-graphics-s-d.lib(jcparam.obj) : warning LNK4099: PDB 'vc100.pdb' was not found with 'sfml-graphics-s-d.lib(jcparam.obj)' or at 'C:\Coding\Unity\SFML\SFML Merged 16-03-2013\Debug\vc100.pdb'; linking object as if no debug info
     1>sfml-graphics-s-d.lib(jcphuff.obj) : warning LNK4099: PDB 'vc100.pdb' was not found with 'sfml-graphics-s-d.lib(jcphuff.obj)' or at 'C:\Coding\Unity\SFML\SFML Merged 16-03-2013\Debug\vc100.pdb'; linking object as if no debug info
     1>sfml-graphics-s-d.lib(jcprepct.obj) : warning LNK4099: PDB 'vc100.pdb' was not found with 'sfml-graphics-s-d.lib(jcprepct.obj)' or at 'C:\Coding\Unity\SFML\SFML Merged 16-03-2013\Debug\vc100.pdb'; linking object as if no debug info
     1>sfml-graphics-s-d.lib(jcsample.obj) : warning LNK4099: PDB 'vc100.pdb' was not found with 'sfml-graphics-s-d.lib(jcsample.obj)' or at 'C:\Coding\Unity\SFML\SFML Merged 16-03-2013\Debug\vc100.pdb'; linking object as if no debug info
     1>sfml-graphics-s-d.lib(jdatadst.obj) : warning LNK4099: PDB 'vc100.pdb' was not found with 'sfml-graphics-s-d.lib(jdatadst.obj)' or at 'C:\Coding\Unity\SFML\SFML Merged 16-03-2013\Debug\vc100.pdb'; linking object as if no debug info
     1>sfml-graphics-s-d.lib(jerror.obj) : warning LNK4099: PDB 'vc100.pdb' was not found with 'sfml-graphics-s-d.lib(jerror.obj)' or at 'C:\Coding\Unity\SFML\SFML Merged 16-03-2013\Debug\vc100.pdb'; linking object as if no debug info
     1>sfml-graphics-s-d.lib(jfdctflt.obj) : warning LNK4099: PDB 'vc100.pdb' was not found with 'sfml-graphics-s-d.lib(jfdctflt.obj)' or at 'C:\Coding\Unity\SFML\SFML Merged 16-03-2013\Debug\vc100.pdb'; linking object as if no debug info
     1>sfml-graphics-s-d.lib(jfdctfst.obj) : warning LNK4099: PDB 'vc100.pdb' was not found with 'sfml-graphics-s-d.lib(jfdctfst.obj)' or at 'C:\Coding\Unity\SFML\SFML Merged 16-03-2013\Debug\vc100.pdb'; linking object as if no debug info
     1>sfml-graphics-s-d.lib(jfdctint.obj) : warning LNK4099: PDB 'vc100.pdb' was not found with 'sfml-graphics-s-d.lib(jfdctint.obj)' or at 'C:\Coding\Unity\SFML\SFML Merged 16-03-2013\Debug\vc100.pdb'; linking object as if no debug info
     1>sfml-graphics-s-d.lib(jmemmgr.obj) : warning LNK4099: PDB 'vc100.pdb' was not found with 'sfml-graphics-s-d.lib(jmemmgr.obj)' or at 'C:\Coding\Unity\SFML\SFML Merged 16-03-2013\Debug\vc100.pdb'; linking object as if no debug info
     1>sfml-graphics-s-d.lib(jmemnobs.obj) : warning LNK4099: PDB 'vc100.pdb' was not found with 'sfml-graphics-s-d.lib(jmemnobs.obj)' or at 'C:\Coding\Unity\SFML\SFML Merged 16-03-2013\Debug\vc100.pdb'; linking object as if no debug info
     1>sfml-graphics-s-d.lib(jutils.obj) : warning LNK4099: PDB 'vc100.pdb' was not found with 'sfml-graphics-s-d.lib(jutils.obj)' or at 'C:\Coding\Unity\SFML\SFML Merged 16-03-2013\Debug\vc100.pdb'; linking object as if no debug info
     1>sfml-graphics-s-d.lib(glew.obj) : warning LNK4099: PDB 'vc100.pdb' was not found with 'sfml-graphics-s-d.lib(glew.obj)' or at 'C:\Coding\Unity\SFML\SFML Merged 16-03-2013\Debug\vc100.pdb'; linking object as if no debug info
     1>sfml-graphics-s-d.lib(Color.obj) : warning LNK4099: PDB 'vc100.pdb' was not found with 'sfml-graphics-s-d.lib(Color.obj)' or at 'C:\Coding\Unity\SFML\SFML Merged 16-03-2013\Debug\vc100.pdb'; linking object as if no debug info
     1>sfml-graphics-s-d.lib(Drawable.obj) : warning LNK4099: PDB 'vc100.pdb' was not found with 'sfml-graphics-s-d.lib(Drawable.obj)' or at 'C:\Coding\Unity\SFML\SFML Merged 16-03-2013\Debug\vc100.pdb'; linking object as if no debug info
     1>sfml-graphics-s-d.lib(Font.obj) : warning LNK4099: PDB 'vc100.pdb' was not found with 'sfml-graphics-s-d.lib(Font.obj)' or at 'C:\Coding\Unity\SFML\SFML Merged 16-03-2013\Debug\vc100.pdb'; linking object as if no debug info
     1>sfml-graphics-s-d.lib(FontLoader.obj) : warning LNK4099: PDB 'vc100.pdb' was not found with 'sfml-graphics-s-d.lib(FontLoader.obj)' or at 'C:\Coding\Unity\SFML\SFML Merged 16-03-2013\Debug\vc100.pdb'; linking object as if no debug info
     1>sfml-graphics-s-d.lib(GraphicsContext.obj) : warning LNK4099: PDB 'vc100.pdb' was not found with 'sfml-graphics-s-d.lib(GraphicsContext.obj)' or at 'C:\Coding\Unity\SFML\SFML Merged 16-03-2013\Debug\vc100.pdb'; linking object as if no debug info
     1>sfml-graphics-s-d.lib(Image.obj) : warning LNK4099: PDB 'vc100.pdb' was not found with 'sfml-graphics-s-d.lib(Image.obj)' or at 'C:\Coding\Unity\SFML\SFML Merged 16-03-2013\Debug\vc100.pdb'; linking object as if no debug info
     1>sfml-graphics-s-d.lib(ImageLoader.obj) : warning LNK4099: PDB 'vc100.pdb' was not found with 'sfml-graphics-s-d.lib(ImageLoader.obj)' or at 'C:\Coding\Unity\SFML\SFML Merged 16-03-2013\Debug\vc100.pdb'; linking object as if no debug info
     1>sfml-graphics-s-d.lib(Matrix3.obj) : warning LNK4099: PDB 'vc100.pdb' was not found with 'sfml-graphics-s-d.lib(Matrix3.obj)' or at 'C:\Coding\Unity\SFML\SFML Merged 16-03-2013\Debug\vc100.pdb'; linking object as if no debug info
     1>sfml-graphics-s-d.lib(RenderTarget.obj) : warning LNK4099: PDB 'vc100.pdb' was not found with 'sfml-graphics-s-d.lib(RenderTarget.obj)' or at 'C:\Coding\Unity\SFML\SFML Merged 16-03-2013\Debug\vc100.pdb'; linking object as if no debug info
     1>sfml-graphics-s-d.lib(RenderWindow.obj) : warning LNK4099: PDB 'vc100.pdb' was not found with 'sfml-graphics-s-d.lib(RenderWindow.obj)' or at 'C:\Coding\Unity\SFML\SFML Merged 16-03-2013\Debug\vc100.pdb'; linking object as if no debug info
     1>sfml-graphics-s-d.lib(Sprite.obj) : warning LNK4099: PDB 'vc100.pdb' was not found with 'sfml-graphics-s-d.lib(Sprite.obj)' or at 'C:\Coding\Unity\SFML\SFML Merged 16-03-2013\Debug\vc100.pdb'; linking object as if no debug info
     1>sfml-graphics-s-d.lib(String.obj) : warning LNK4099: PDB 'vc100.pdb' was not found with 'sfml-graphics-s-d.lib(String.obj)' or at 'C:\Coding\Unity\SFML\SFML Merged 16-03-2013\Debug\vc100.pdb'; linking object as if no debug info
     1>sfml-graphics-s-d.lib(View.obj) : warning LNK4099: PDB 'vc100.pdb' was not found with 'sfml-graphics-s-d.lib(View.obj)' or at 'C:\Coding\Unity\SFML\SFML Merged 16-03-2013\Debug\vc100.pdb'; linking object as if no debug info
     1>sfml-network-s-d.lib(SocketHelper.obj) : warning LNK4099: PDB 'vc100.pdb' was not found with 'sfml-network-s-d.lib(SocketHelper.obj)' or at 'C:\Coding\Unity\SFML\SFML Merged 16-03-2013\Debug\vc100.pdb'; linking object as if no debug info
     1>sfml-network-s-d.lib(Http.obj) : warning LNK4099: PDB 'vc100.pdb' was not found with 'sfml-network-s-d.lib(Http.obj)' or at 'C:\Coding\Unity\SFML\SFML Merged 16-03-2013\Debug\vc100.pdb'; linking object as if no debug info
     1>sfml-network-s-d.lib(IPAddress.obj) : warning LNK4099: PDB 'vc100.pdb' was not found with 'sfml-network-s-d.lib(IPAddress.obj)' or at 'C:\Coding\Unity\SFML\SFML Merged 16-03-2013\Debug\vc100.pdb'; linking object as if no debug info
     1>sfml-network-s-d.lib(Packet.obj) : warning LNK4099: PDB 'vc100.pdb' was not found with 'sfml-network-s-d.lib(Packet.obj)' or at 'C:\Coding\Unity\SFML\SFML Merged 16-03-2013\Debug\vc100.pdb'; linking object as if no debug info
     1>sfml-network-s-d.lib(SocketTCP.obj) : warning LNK4099: PDB 'vc100.pdb' was not found with 'sfml-network-s-d.lib(SocketTCP.obj)' or at 'C:\Coding\Unity\SFML\SFML Merged 16-03-2013\Debug\vc100.pdb'; linking object as if no debug info
     1>sfml-network-s-d.lib(SocketUDP.obj) : warning LNK4099: PDB 'vc100.pdb' was not found with 'sfml-network-s-d.lib(SocketUDP.obj)' or at 'C:\Coding\Unity\SFML\SFML Merged 16-03-2013\Debug\vc100.pdb'; linking object as if no debug info
       Manifest:
         c:\Program Files (x86)\Microsoft SDKs\Windows\v7.0A\bin\mt.exe /nologo /verbose /out:"Debug\SFMLGameClient.exe.embed.manifest" /manifest Debug\SFMLGameClient.exe.intermediate.manifest
         All outputs are up-to-date.
       LinkEmbedManifest:
         All outputs are up-to-date.
         SFMLGameClient.vcxproj -> C:\Coding\Unity\SFML\SFML Merged 16-03-2013\Debug\SFMLGameClient.exe
       FinalizeBuildStatus:
         Deleting file "Debug\SFMLGameClient.unsuccessfulbuild".
         Touching "Debug\SFMLGameClient.lastbuildstate".
     1>Done Building Project "C:\Coding\Unity\SFML\SFML Merged 16-03-2013\SFMLGameClient\SFMLGameClient.vcxproj" (build target(s)).

Build succeeded.

Time Elapsed 00:00:05.14
