  ServerTransmitter.cpp
  ServerRouter.cpp
  ServerReceiver.cpp
  Main.cpp
  GameLogic.cpp
  ConnectionHandler.cpp
  Server.cpp
  Projectile.cpp
  Player.cpp
  Object.cpp
  Level.cpp
  BulletHandler.cpp
  SharedConstants.cpp
  PacketTypes.cpp
  Generating Code...
sfml-system-s-d.lib(Platform.obj) : warning LNK4099: PDB 'vc100.pdb' was not found with 'sfml-system-s-d.lib(Platform.obj)' or at 'C:\Users\Mark\Documents\GitHub\SFML\SFML Game\Debug\vc100.pdb'; linking object as if no debug info
sfml-system-s-d.lib(Clock.obj) : warning LNK4099: PDB 'vc100.pdb' was not found with 'sfml-system-s-d.lib(Clock.obj)' or at 'C:\Users\Mark\Documents\GitHub\SFML\SFML Game\Debug\vc100.pdb'; linking object as if no debug info
sfml-system-s-d.lib(Sleep.obj) : warning LNK4099: PDB 'vc100.pdb' was not found with 'sfml-system-s-d.lib(Sleep.obj)' or at 'C:\Users\Mark\Documents\GitHub\SFML\SFML Game\Debug\vc100.pdb'; linking object as if no debug info
sfml-window-s-d.lib(Joystick.obj) : warning LNK4099: PDB 'vc100.pdb' was not found with 'sfml-window-s-d.lib(Joystick.obj)' or at 'C:\Users\Mark\Documents\GitHub\SFML\SFML Game\Debug\vc100.pdb'; linking object as if no debug info
sfml-window-s-d.lib(VideoModeSupport.obj) : warning LNK4099: PDB 'vc100.pdb' was not found with 'sfml-window-s-d.lib(VideoModeSupport.obj)' or at 'C:\Users\Mark\Documents\GitHub\SFML\SFML Game\Debug\vc100.pdb'; linking object as if no debug info
sfml-window-s-d.lib(WindowImplWin32.obj) : warning LNK4099: PDB 'vc100.pdb' was not found with 'sfml-window-s-d.lib(WindowImplWin32.obj)' or at 'C:\Users\Mark\Documents\GitHub\SFML\SFML Game\Debug\vc100.pdb'; linking object as if no debug info
sfml-window-s-d.lib(Context.obj) : warning LNK4099: PDB 'vc100.pdb' was not found with 'sfml-window-s-d.lib(Context.obj)' or at 'C:\Users\Mark\Documents\GitHub\SFML\SFML Game\Debug\vc100.pdb'; linking object as if no debug info
sfml-window-s-d.lib(Input.obj) : warning LNK4099: PDB 'vc100.pdb' was not found with 'sfml-window-s-d.lib(Input.obj)' or at 'C:\Users\Mark\Documents\GitHub\SFML\SFML Game\Debug\vc100.pdb'; linking object as if no debug info
sfml-window-s-d.lib(VideoMode.obj) : warning LNK4099: PDB 'vc100.pdb' was not found with 'sfml-window-s-d.lib(VideoMode.obj)' or at 'C:\Users\Mark\Documents\GitHub\SFML\SFML Game\Debug\vc100.pdb'; linking object as if no debug info
sfml-window-s-d.lib(Window.obj) : warning LNK4099: PDB 'vc100.pdb' was not found with 'sfml-window-s-d.lib(Window.obj)' or at 'C:\Users\Mark\Documents\GitHub\SFML\SFML Game\Debug\vc100.pdb'; linking object as if no debug info
sfml-window-s-d.lib(WindowImpl.obj) : warning LNK4099: PDB 'vc100.pdb' was not found with 'sfml-window-s-d.lib(WindowImpl.obj)' or at 'C:\Users\Mark\Documents\GitHub\SFML\SFML Game\Debug\vc100.pdb'; linking object as if no debug info
sfml-graphics-s-d.lib(adler32.obj) : warning LNK4099: PDB 'vc100.pdb' was not found with 'sfml-graphics-s-d.lib(adler32.obj)' or at 'C:\Users\Mark\Documents\GitHub\SFML\SFML Game\Debug\vc100.pdb'; linking object as if no debug info
sfml-graphics-s-d.lib(compress.obj) : warning LNK4099: PDB 'vc100.pdb' was not found with 'sfml-graphics-s-d.lib(compress.obj)' or at 'C:\Users\Mark\Documents\GitHub\SFML\SFML Game\Debug\vc100.pdb'; linking object as if no debug info
sfml-graphics-s-d.lib(crc32.obj) : warning LNK4099: PDB 'vc100.pdb' was not found with 'sfml-graphics-s-d.lib(crc32.obj)' or at 'C:\Users\Mark\Documents\GitHub\SFML\SFML Game\Debug\vc100.pdb'; linking object as if no debug info
sfml-graphics-s-d.lib(deflate.obj) : warning LNK4099: PDB 'vc100.pdb' was not found with 'sfml-graphics-s-d.lib(deflate.obj)' or at 'C:\Users\Mark\Documents\GitHub\SFML\SFML Game\Debug\vc100.pdb'; linking object as if no debug info
sfml-graphics-s-d.lib(inffast.obj) : warning LNK4099: PDB 'vc100.pdb' was not found with 'sfml-graphics-s-d.lib(inffast.obj)' or at 'C:\Users\Mark\Documents\GitHub\SFML\SFML Game\Debug\vc100.pdb'; linking object as if no debug info
sfml-graphics-s-d.lib(inflate.obj) : warning LNK4099: PDB 'vc100.pdb' was not found with 'sfml-graphics-s-d.lib(inflate.obj)' or at 'C:\Users\Mark\Documents\GitHub\SFML\SFML Game\Debug\vc100.pdb'; linking object as if no debug info
sfml-graphics-s-d.lib(inftrees.obj) : warning LNK4099: PDB 'vc100.pdb' was not found with 'sfml-graphics-s-d.lib(inftrees.obj)' or at 'C:\Users\Mark\Documents\GitHub\SFML\SFML Game\Debug\vc100.pdb'; linking object as if no debug info
sfml-graphics-s-d.lib(trees.obj) : warning LNK4099: PDB 'vc100.pdb' was not found with 'sfml-graphics-s-d.lib(trees.obj)' or at 'C:\Users\Mark\Documents\GitHub\SFML\SFML Game\Debug\vc100.pdb'; linking object as if no debug info
sfml-graphics-s-d.lib(zutil.obj) : warning LNK4099: PDB 'vc100.pdb' was not found with 'sfml-graphics-s-d.lib(zutil.obj)' or at 'C:\Users\Mark\Documents\GitHub\SFML\SFML Game\Debug\vc100.pdb'; linking object as if no debug info
sfml-graphics-s-d.lib(png.obj) : warning LNK4099: PDB 'vc100.pdb' was not found with 'sfml-graphics-s-d.lib(png.obj)' or at 'C:\Users\Mark\Documents\GitHub\SFML\SFML Game\Debug\vc100.pdb'; linking object as if no debug info
sfml-graphics-s-d.lib(pngerror.obj) : warning LNK4099: PDB 'vc100.pdb' was not found with 'sfml-graphics-s-d.lib(pngerror.obj)' or at 'C:\Users\Mark\Documents\GitHub\SFML\SFML Game\Debug\vc100.pdb'; linking object as if no debug info
sfml-graphics-s-d.lib(pngmem.obj) : warning LNK4099: PDB 'vc100.pdb' was not found with 'sfml-graphics-s-d.lib(pngmem.obj)' or at 'C:\Users\Mark\Documents\GitHub\SFML\SFML Game\Debug\vc100.pdb'; linking object as if no debug info
sfml-graphics-s-d.lib(pngset.obj) : warning LNK4099: PDB 'vc100.pdb' was not found with 'sfml-graphics-s-d.lib(pngset.obj)' or at 'C:\Users\Mark\Documents\GitHub\SFML\SFML Game\Debug\vc100.pdb'; linking object as if no debug info
sfml-graphics-s-d.lib(pngtrans.obj) : warning LNK4099: PDB 'vc100.pdb' was not found with 'sfml-graphics-s-d.lib(pngtrans.obj)' or at 'C:\Users\Mark\Documents\GitHub\SFML\SFML Game\Debug\vc100.pdb'; linking object as if no debug info
sfml-graphics-s-d.lib(pngwio.obj) : warning LNK4099: PDB 'vc100.pdb' was not found with 'sfml-graphics-s-d.lib(pngwio.obj)' or at 'C:\Users\Mark\Documents\GitHub\SFML\SFML Game\Debug\vc100.pdb'; linking object as if no debug info
sfml-graphics-s-d.lib(pngwrite.obj) : warning LNK4099: PDB 'vc100.pdb' was not found with 'sfml-graphics-s-d.lib(pngwrite.obj)' or at 'C:\Users\Mark\Documents\GitHub\SFML\SFML Game\Debug\vc100.pdb'; linking object as if no debug info
sfml-graphics-s-d.lib(pngwtran.obj) : warning LNK4099: PDB 'vc100.pdb' was not found with 'sfml-graphics-s-d.lib(pngwtran.obj)' or at 'C:\Users\Mark\Documents\GitHub\SFML\SFML Game\Debug\vc100.pdb'; linking object as if no debug info
sfml-graphics-s-d.lib(pngwutil.obj) : warning LNK4099: PDB 'vc100.pdb' was not found with 'sfml-graphics-s-d.lib(pngwutil.obj)' or at 'C:\Users\Mark\Documents\GitHub\SFML\SFML Game\Debug\vc100.pdb'; linking object as if no debug info
sfml-graphics-s-d.lib(image_DXT.obj) : warning LNK4099: PDB 'vc100.pdb' was not found with 'sfml-graphics-s-d.lib(image_DXT.obj)' or at 'C:\Users\Mark\Documents\GitHub\SFML\SFML Game\Debug\vc100.pdb'; linking object as if no debug info
sfml-graphics-s-d.lib(SOIL.obj) : warning LNK4099: PDB 'vc100.pdb' was not found with 'sfml-graphics-s-d.lib(SOIL.obj)' or at 'C:\Users\Mark\Documents\GitHub\SFML\SFML Game\Debug\vc100.pdb'; linking object as if no debug info
sfml-graphics-s-d.lib(stb_image_aug.obj) : warning LNK4099: PDB 'vc100.pdb' was not found with 'sfml-graphics-s-d.lib(stb_image_aug.obj)' or at 'C:\Users\Mark\Documents\GitHub\SFML\SFML Game\Debug\vc100.pdb'; linking object as if no debug info
sfml-graphics-s-d.lib(jcapimin.obj) : warning LNK4099: PDB 'vc100.pdb' was not found with 'sfml-graphics-s-d.lib(jcapimin.obj)' or at 'C:\Users\Mark\Documents\GitHub\SFML\SFML Game\Debug\vc100.pdb'; linking object as if no debug info
sfml-graphics-s-d.lib(jcapistd.obj) : warning LNK4099: PDB 'vc100.pdb' was not found with 'sfml-graphics-s-d.lib(jcapistd.obj)' or at 'C:\Users\Mark\Documents\GitHub\SFML\SFML Game\Debug\vc100.pdb'; linking object as if no debug info
sfml-graphics-s-d.lib(jccoefct.obj) : warning LNK4099: PDB 'vc100.pdb' was not found with 'sfml-graphics-s-d.lib(jccoefct.obj)' or at 'C:\Users\Mark\Documents\GitHub\SFML\SFML Game\Debug\vc100.pdb'; linking object as if no debug info
sfml-graphics-s-d.lib(jccolor.obj) : warning LNK4099: PDB 'vc100.pdb' was not found with 'sfml-graphics-s-d.lib(jccolor.obj)' or at 'C:\Users\Mark\Documents\GitHub\SFML\SFML Game\Debug\vc100.pdb'; linking object as if no debug info
sfml-graphics-s-d.lib(jcdctmgr.obj) : warning LNK4099: PDB 'vc100.pdb' was not found with 'sfml-graphics-s-d.lib(jcdctmgr.obj)' or at 'C:\Users\Mark\Documents\GitHub\SFML\SFML Game\Debug\vc100.pdb'; linking object as if no debug info
sfml-graphics-s-d.lib(jchuff.obj) : warning LNK4099: PDB 'vc100.pdb' was not found with 'sfml-graphics-s-d.lib(jchuff.obj)' or at 'C:\Users\Mark\Documents\GitHub\SFML\SFML Game\Debug\vc100.pdb'; linking object as if no debug info
sfml-graphics-s-d.lib(jcinit.obj) : warning LNK4099: PDB 'vc100.pdb' was not found with 'sfml-graphics-s-d.lib(jcinit.obj)' or at 'C:\Users\Mark\Documents\GitHub\SFML\SFML Game\Debug\vc100.pdb'; linking object as if no debug info
sfml-graphics-s-d.lib(jcmainct.obj) : warning LNK4099: PDB 'vc100.pdb' was not found with 'sfml-graphics-s-d.lib(jcmainct.obj)' or at 'C:\Users\Mark\Documents\GitHub\SFML\SFML Game\Debug\vc100.pdb'; linking object as if no debug info
sfml-graphics-s-d.lib(jcmarker.obj) : warning LNK4099: PDB 'vc100.pdb' was not found with 'sfml-graphics-s-d.lib(jcmarker.obj)' or at 'C:\Users\Mark\Documents\GitHub\SFML\SFML Game\Debug\vc100.pdb'; linking object as if no debug info
sfml-graphics-s-d.lib(jcmaster.obj) : warning LNK4099: PDB 'vc100.pdb' was not found with 'sfml-graphics-s-d.lib(jcmaster.obj)' or at 'C:\Users\Mark\Documents\GitHub\SFML\SFML Game\Debug\vc100.pdb'; linking object as if no debug info
sfml-graphics-s-d.lib(jcomapi.obj) : warning LNK4099: PDB 'vc100.pdb' was not found with 'sfml-graphics-s-d.lib(jcomapi.obj)' or at 'C:\Users\Mark\Documents\GitHub\SFML\SFML Game\Debug\vc100.pdb'; linking object as if no debug info
sfml-graphics-s-d.lib(jcparam.obj) : warning LNK4099: PDB 'vc100.pdb' was not found with 'sfml-graphics-s-d.lib(jcparam.obj)' or at 'C:\Users\Mark\Documents\GitHub\SFML\SFML Game\Debug\vc100.pdb'; linking object as if no debug info
sfml-graphics-s-d.lib(jcphuff.obj) : warning LNK4099: PDB 'vc100.pdb' was not found with 'sfml-graphics-s-d.lib(jcphuff.obj)' or at 'C:\Users\Mark\Documents\GitHub\SFML\SFML Game\Debug\vc100.pdb'; linking object as if no debug info
sfml-graphics-s-d.lib(jcprepct.obj) : warning LNK4099: PDB 'vc100.pdb' was not found with 'sfml-graphics-s-d.lib(jcprepct.obj)' or at 'C:\Users\Mark\Documents\GitHub\SFML\SFML Game\Debug\vc100.pdb'; linking object as if no debug info
sfml-graphics-s-d.lib(jcsample.obj) : warning LNK4099: PDB 'vc100.pdb' was not found with 'sfml-graphics-s-d.lib(jcsample.obj)' or at 'C:\Users\Mark\Documents\GitHub\SFML\SFML Game\Debug\vc100.pdb'; linking object as if no debug info
sfml-graphics-s-d.lib(jdatadst.obj) : warning LNK4099: PDB 'vc100.pdb' was not found with 'sfml-graphics-s-d.lib(jdatadst.obj)' or at 'C:\Users\Mark\Documents\GitHub\SFML\SFML Game\Debug\vc100.pdb'; linking object as if no debug info
sfml-graphics-s-d.lib(jerror.obj) : warning LNK4099: PDB 'vc100.pdb' was not found with 'sfml-graphics-s-d.lib(jerror.obj)' or at 'C:\Users\Mark\Documents\GitHub\SFML\SFML Game\Debug\vc100.pdb'; linking object as if no debug info
sfml-graphics-s-d.lib(jfdctflt.obj) : warning LNK4099: PDB 'vc100.pdb' was not found with 'sfml-graphics-s-d.lib(jfdctflt.obj)' or at 'C:\Users\Mark\Documents\GitHub\SFML\SFML Game\Debug\vc100.pdb'; linking object as if no debug info
sfml-graphics-s-d.lib(jfdctfst.obj) : warning LNK4099: PDB 'vc100.pdb' was not found with 'sfml-graphics-s-d.lib(jfdctfst.obj)' or at 'C:\Users\Mark\Documents\GitHub\SFML\SFML Game\Debug\vc100.pdb'; linking object as if no debug info
sfml-graphics-s-d.lib(jfdctint.obj) : warning LNK4099: PDB 'vc100.pdb' was not found with 'sfml-graphics-s-d.lib(jfdctint.obj)' or at 'C:\Users\Mark\Documents\GitHub\SFML\SFML Game\Debug\vc100.pdb'; linking object as if no debug info
sfml-graphics-s-d.lib(jmemmgr.obj) : warning LNK4099: PDB 'vc100.pdb' was not found with 'sfml-graphics-s-d.lib(jmemmgr.obj)' or at 'C:\Users\Mark\Documents\GitHub\SFML\SFML Game\Debug\vc100.pdb'; linking object as if no debug info
sfml-graphics-s-d.lib(jmemnobs.obj) : warning LNK4099: PDB 'vc100.pdb' was not found with 'sfml-graphics-s-d.lib(jmemnobs.obj)' or at 'C:\Users\Mark\Documents\GitHub\SFML\SFML Game\Debug\vc100.pdb'; linking object as if no debug info
sfml-graphics-s-d.lib(jutils.obj) : warning LNK4099: PDB 'vc100.pdb' was not found with 'sfml-graphics-s-d.lib(jutils.obj)' or at 'C:\Users\Mark\Documents\GitHub\SFML\SFML Game\Debug\vc100.pdb'; linking object as if no debug info
sfml-graphics-s-d.lib(glew.obj) : warning LNK4099: PDB 'vc100.pdb' was not found with 'sfml-graphics-s-d.lib(glew.obj)' or at 'C:\Users\Mark\Documents\GitHub\SFML\SFML Game\Debug\vc100.pdb'; linking object as if no debug info
sfml-graphics-s-d.lib(Color.obj) : warning LNK4099: PDB 'vc100.pdb' was not found with 'sfml-graphics-s-d.lib(Color.obj)' or at 'C:\Users\Mark\Documents\GitHub\SFML\SFML Game\Debug\vc100.pdb'; linking object as if no debug info
sfml-graphics-s-d.lib(GraphicsContext.obj) : warning LNK4099: PDB 'vc100.pdb' was not found with 'sfml-graphics-s-d.lib(GraphicsContext.obj)' or at 'C:\Users\Mark\Documents\GitHub\SFML\SFML Game\Debug\vc100.pdb'; linking object as if no debug info
sfml-graphics-s-d.lib(Image.obj) : warning LNK4099: PDB 'vc100.pdb' was not found with 'sfml-graphics-s-d.lib(Image.obj)' or at 'C:\Users\Mark\Documents\GitHub\SFML\SFML Game\Debug\vc100.pdb'; linking object as if no debug info
sfml-graphics-s-d.lib(ImageLoader.obj) : warning LNK4099: PDB 'vc100.pdb' was not found with 'sfml-graphics-s-d.lib(ImageLoader.obj)' or at 'C:\Users\Mark\Documents\GitHub\SFML\SFML Game\Debug\vc100.pdb'; linking object as if no debug info
sfml-network-s-d.lib(SocketHelper.obj) : warning LNK4099: PDB 'vc100.pdb' was not found with 'sfml-network-s-d.lib(SocketHelper.obj)' or at 'C:\Users\Mark\Documents\GitHub\SFML\SFML Game\Debug\vc100.pdb'; linking object as if no debug info
sfml-network-s-d.lib(Http.obj) : warning LNK4099: PDB 'vc100.pdb' was not found with 'sfml-network-s-d.lib(Http.obj)' or at 'C:\Users\Mark\Documents\GitHub\SFML\SFML Game\Debug\vc100.pdb'; linking object as if no debug info
sfml-network-s-d.lib(IPAddress.obj) : warning LNK4099: PDB 'vc100.pdb' was not found with 'sfml-network-s-d.lib(IPAddress.obj)' or at 'C:\Users\Mark\Documents\GitHub\SFML\SFML Game\Debug\vc100.pdb'; linking object as if no debug info
sfml-network-s-d.lib(Packet.obj) : warning LNK4099: PDB 'vc100.pdb' was not found with 'sfml-network-s-d.lib(Packet.obj)' or at 'C:\Users\Mark\Documents\GitHub\SFML\SFML Game\Debug\vc100.pdb'; linking object as if no debug info
sfml-network-s-d.lib(SocketTCP.obj) : warning LNK4099: PDB 'vc100.pdb' was not found with 'sfml-network-s-d.lib(SocketTCP.obj)' or at 'C:\Users\Mark\Documents\GitHub\SFML\SFML Game\Debug\vc100.pdb'; linking object as if no debug info
sfml-network-s-d.lib(SocketUDP.obj) : warning LNK4099: PDB 'vc100.pdb' was not found with 'sfml-network-s-d.lib(SocketUDP.obj)' or at 'C:\Users\Mark\Documents\GitHub\SFML\SFML Game\Debug\vc100.pdb'; linking object as if no debug info
sfml-system-s-d.lib(Platform.obj) : warning LNK4099: PDB 'vc100.pdb' was not found with 'sfml-system-s-d.lib(Platform.obj)' or at 'C:\Users\Mark\Documents\GitHub\SFML\SFML Game\Debug\vc100.pdb'; linking object as if no debug info
sfml-system-s-d.lib(Clock.obj) : warning LNK4099: PDB 'vc100.pdb' was not found with 'sfml-system-s-d.lib(Clock.obj)' or at 'C:\Users\Mark\Documents\GitHub\SFML\SFML Game\Debug\vc100.pdb'; linking object as if no debug info
sfml-system-s-d.lib(Sleep.obj) : warning LNK4099: PDB 'vc100.pdb' was not found with 'sfml-system-s-d.lib(Sleep.obj)' or at 'C:\Users\Mark\Documents\GitHub\SFML\SFML Game\Debug\vc100.pdb'; linking object as if no debug info
sfml-window-s-d.lib(Joystick.obj) : warning LNK4099: PDB 'vc100.pdb' was not found with 'sfml-window-s-d.lib(Joystick.obj)' or at 'C:\Users\Mark\Documents\GitHub\SFML\SFML Game\Debug\vc100.pdb'; linking object as if no debug info
sfml-window-s-d.lib(VideoModeSupport.obj) : warning LNK4099: PDB 'vc100.pdb' was not found with 'sfml-window-s-d.lib(VideoModeSupport.obj)' or at 'C:\Users\Mark\Documents\GitHub\SFML\SFML Game\Debug\vc100.pdb'; linking object as if no debug info
sfml-window-s-d.lib(WindowImplWin32.obj) : warning LNK4099: PDB 'vc100.pdb' was not found with 'sfml-window-s-d.lib(WindowImplWin32.obj)' or at 'C:\Users\Mark\Documents\GitHub\SFML\SFML Game\Debug\vc100.pdb'; linking object as if no debug info
sfml-window-s-d.lib(Context.obj) : warning LNK4099: PDB 'vc100.pdb' was not found with 'sfml-window-s-d.lib(Context.obj)' or at 'C:\Users\Mark\Documents\GitHub\SFML\SFML Game\Debug\vc100.pdb'; linking object as if no debug info
sfml-window-s-d.lib(Input.obj) : warning LNK4099: PDB 'vc100.pdb' was not found with 'sfml-window-s-d.lib(Input.obj)' or at 'C:\Users\Mark\Documents\GitHub\SFML\SFML Game\Debug\vc100.pdb'; linking object as if no debug info
sfml-window-s-d.lib(VideoMode.obj) : warning LNK4099: PDB 'vc100.pdb' was not found with 'sfml-window-s-d.lib(VideoMode.obj)' or at 'C:\Users\Mark\Documents\GitHub\SFML\SFML Game\Debug\vc100.pdb'; linking object as if no debug info
sfml-window-s-d.lib(Window.obj) : warning LNK4099: PDB 'vc100.pdb' was not found with 'sfml-window-s-d.lib(Window.obj)' or at 'C:\Users\Mark\Documents\GitHub\SFML\SFML Game\Debug\vc100.pdb'; linking object as if no debug info
sfml-window-s-d.lib(WindowImpl.obj) : warning LNK4099: PDB 'vc100.pdb' was not found with 'sfml-window-s-d.lib(WindowImpl.obj)' or at 'C:\Users\Mark\Documents\GitHub\SFML\SFML Game\Debug\vc100.pdb'; linking object as if no debug info
sfml-graphics-s-d.lib(adler32.obj) : warning LNK4099: PDB 'vc100.pdb' was not found with 'sfml-graphics-s-d.lib(adler32.obj)' or at 'C:\Users\Mark\Documents\GitHub\SFML\SFML Game\Debug\vc100.pdb'; linking object as if no debug info
sfml-graphics-s-d.lib(compress.obj) : warning LNK4099: PDB 'vc100.pdb' was not found with 'sfml-graphics-s-d.lib(compress.obj)' or at 'C:\Users\Mark\Documents\GitHub\SFML\SFML Game\Debug\vc100.pdb'; linking object as if no debug info
sfml-graphics-s-d.lib(crc32.obj) : warning LNK4099: PDB 'vc100.pdb' was not found with 'sfml-graphics-s-d.lib(crc32.obj)' or at 'C:\Users\Mark\Documents\GitHub\SFML\SFML Game\Debug\vc100.pdb'; linking object as if no debug info
sfml-graphics-s-d.lib(deflate.obj) : warning LNK4099: PDB 'vc100.pdb' was not found with 'sfml-graphics-s-d.lib(deflate.obj)' or at 'C:\Users\Mark\Documents\GitHub\SFML\SFML Game\Debug\vc100.pdb'; linking object as if no debug info
sfml-graphics-s-d.lib(inffast.obj) : warning LNK4099: PDB 'vc100.pdb' was not found with 'sfml-graphics-s-d.lib(inffast.obj)' or at 'C:\Users\Mark\Documents\GitHub\SFML\SFML Game\Debug\vc100.pdb'; linking object as if no debug info
sfml-graphics-s-d.lib(inflate.obj) : warning LNK4099: PDB 'vc100.pdb' was not found with 'sfml-graphics-s-d.lib(inflate.obj)' or at 'C:\Users\Mark\Documents\GitHub\SFML\SFML Game\Debug\vc100.pdb'; linking object as if no debug info
sfml-graphics-s-d.lib(inftrees.obj) : warning LNK4099: PDB 'vc100.pdb' was not found with 'sfml-graphics-s-d.lib(inftrees.obj)' or at 'C:\Users\Mark\Documents\GitHub\SFML\SFML Game\Debug\vc100.pdb'; linking object as if no debug info
sfml-graphics-s-d.lib(trees.obj) : warning LNK4099: PDB 'vc100.pdb' was not found with 'sfml-graphics-s-d.lib(trees.obj)' or at 'C:\Users\Mark\Documents\GitHub\SFML\SFML Game\Debug\vc100.pdb'; linking object as if no debug info
sfml-graphics-s-d.lib(zutil.obj) : warning LNK4099: PDB 'vc100.pdb' was not found with 'sfml-graphics-s-d.lib(zutil.obj)' or at 'C:\Users\Mark\Documents\GitHub\SFML\SFML Game\Debug\vc100.pdb'; linking object as if no debug info
sfml-graphics-s-d.lib(png.obj) : warning LNK4099: PDB 'vc100.pdb' was not found with 'sfml-graphics-s-d.lib(png.obj)' or at 'C:\Users\Mark\Documents\GitHub\SFML\SFML Game\Debug\vc100.pdb'; linking object as if no debug info
sfml-graphics-s-d.lib(pngerror.obj) : warning LNK4099: PDB 'vc100.pdb' was not found with 'sfml-graphics-s-d.lib(pngerror.obj)' or at 'C:\Users\Mark\Documents\GitHub\SFML\SFML Game\Debug\vc100.pdb'; linking object as if no debug info
sfml-graphics-s-d.lib(pngmem.obj) : warning LNK4099: PDB 'vc100.pdb' was not found with 'sfml-graphics-s-d.lib(pngmem.obj)' or at 'C:\Users\Mark\Documents\GitHub\SFML\SFML Game\Debug\vc100.pdb'; linking object as if no debug info
sfml-graphics-s-d.lib(pngset.obj) : warning LNK4099: PDB 'vc100.pdb' was not found with 'sfml-graphics-s-d.lib(pngset.obj)' or at 'C:\Users\Mark\Documents\GitHub\SFML\SFML Game\Debug\vc100.pdb'; linking object as if no debug info
sfml-graphics-s-d.lib(pngtrans.obj) : warning LNK4099: PDB 'vc100.pdb' was not found with 'sfml-graphics-s-d.lib(pngtrans.obj)' or at 'C:\Users\Mark\Documents\GitHub\SFML\SFML Game\Debug\vc100.pdb'; linking object as if no debug info
sfml-graphics-s-d.lib(pngwio.obj) : warning LNK4099: PDB 'vc100.pdb' was not found with 'sfml-graphics-s-d.lib(pngwio.obj)' or at 'C:\Users\Mark\Documents\GitHub\SFML\SFML Game\Debug\vc100.pdb'; linking object as if no debug info
sfml-graphics-s-d.lib(pngwrite.obj) : warning LNK4099: PDB 'vc100.pdb' was not found with 'sfml-graphics-s-d.lib(pngwrite.obj)' or at 'C:\Users\Mark\Documents\GitHub\SFML\SFML Game\Debug\vc100.pdb'; linking object as if no debug info
sfml-graphics-s-d.lib(pngwtran.obj) : warning LNK4099: PDB 'vc100.pdb' was not found with 'sfml-graphics-s-d.lib(pngwtran.obj)' or at 'C:\Users\Mark\Documents\GitHub\SFML\SFML Game\Debug\vc100.pdb'; linking object as if no debug info
sfml-graphics-s-d.lib(pngwutil.obj) : warning LNK4099: PDB 'vc100.pdb' was not found with 'sfml-graphics-s-d.lib(pngwutil.obj)' or at 'C:\Users\Mark\Documents\GitHub\SFML\SFML Game\Debug\vc100.pdb'; linking object as if no debug info
sfml-graphics-s-d.lib(image_DXT.obj) : warning LNK4099: PDB 'vc100.pdb' was not found with 'sfml-graphics-s-d.lib(image_DXT.obj)' or at 'C:\Users\Mark\Documents\GitHub\SFML\SFML Game\Debug\vc100.pdb'; linking object as if no debug info
sfml-graphics-s-d.lib(SOIL.obj) : warning LNK4099: PDB 'vc100.pdb' was not found with 'sfml-graphics-s-d.lib(SOIL.obj)' or at 'C:\Users\Mark\Documents\GitHub\SFML\SFML Game\Debug\vc100.pdb'; linking object as if no debug info
sfml-graphics-s-d.lib(stb_image_aug.obj) : warning LNK4099: PDB 'vc100.pdb' was not found with 'sfml-graphics-s-d.lib(stb_image_aug.obj)' or at 'C:\Users\Mark\Documents\GitHub\SFML\SFML Game\Debug\vc100.pdb'; linking object as if no debug info
sfml-graphics-s-d.lib(jcapimin.obj) : warning LNK4099: PDB 'vc100.pdb' was not found with 'sfml-graphics-s-d.lib(jcapimin.obj)' or at 'C:\Users\Mark\Documents\GitHub\SFML\SFML Game\Debug\vc100.pdb'; linking object as if no debug info
sfml-graphics-s-d.lib(jcapistd.obj) : warning LNK4099: PDB 'vc100.pdb' was not found with 'sfml-graphics-s-d.lib(jcapistd.obj)' or at 'C:\Users\Mark\Documents\GitHub\SFML\SFML Game\Debug\vc100.pdb'; linking object as if no debug info
sfml-graphics-s-d.lib(jccoefct.obj) : warning LNK4099: PDB 'vc100.pdb' was not found with 'sfml-graphics-s-d.lib(jccoefct.obj)' or at 'C:\Users\Mark\Documents\GitHub\SFML\SFML Game\Debug\vc100.pdb'; linking object as if no debug info
sfml-graphics-s-d.lib(jccolor.obj) : warning LNK4099: PDB 'vc100.pdb' was not found with 'sfml-graphics-s-d.lib(jccolor.obj)' or at 'C:\Users\Mark\Documents\GitHub\SFML\SFML Game\Debug\vc100.pdb'; linking object as if no debug info
sfml-graphics-s-d.lib(jcdctmgr.obj) : warning LNK4099: PDB 'vc100.pdb' was not found with 'sfml-graphics-s-d.lib(jcdctmgr.obj)' or at 'C:\Users\Mark\Documents\GitHub\SFML\SFML Game\Debug\vc100.pdb'; linking object as if no debug info
sfml-graphics-s-d.lib(jchuff.obj) : warning LNK4099: PDB 'vc100.pdb' was not found with 'sfml-graphics-s-d.lib(jchuff.obj)' or at 'C:\Users\Mark\Documents\GitHub\SFML\SFML Game\Debug\vc100.pdb'; linking object as if no debug info
sfml-graphics-s-d.lib(jcinit.obj) : warning LNK4099: PDB 'vc100.pdb' was not found with 'sfml-graphics-s-d.lib(jcinit.obj)' or at 'C:\Users\Mark\Documents\GitHub\SFML\SFML Game\Debug\vc100.pdb'; linking object as if no debug info
sfml-graphics-s-d.lib(jcmainct.obj) : warning LNK4099: PDB 'vc100.pdb' was not found with 'sfml-graphics-s-d.lib(jcmainct.obj)' or at 'C:\Users\Mark\Documents\GitHub\SFML\SFML Game\Debug\vc100.pdb'; linking object as if no debug info
sfml-graphics-s-d.lib(jcmarker.obj) : warning LNK4099: PDB 'vc100.pdb' was not found with 'sfml-graphics-s-d.lib(jcmarker.obj)' or at 'C:\Users\Mark\Documents\GitHub\SFML\SFML Game\Debug\vc100.pdb'; linking object as if no debug info
sfml-graphics-s-d.lib(jcmaster.obj) : warning LNK4099: PDB 'vc100.pdb' was not found with 'sfml-graphics-s-d.lib(jcmaster.obj)' or at 'C:\Users\Mark\Documents\GitHub\SFML\SFML Game\Debug\vc100.pdb'; linking object as if no debug info
sfml-graphics-s-d.lib(jcomapi.obj) : warning LNK4099: PDB 'vc100.pdb' was not found with 'sfml-graphics-s-d.lib(jcomapi.obj)' or at 'C:\Users\Mark\Documents\GitHub\SFML\SFML Game\Debug\vc100.pdb'; linking object as if no debug info
sfml-graphics-s-d.lib(jcparam.obj) : warning LNK4099: PDB 'vc100.pdb' was not found with 'sfml-graphics-s-d.lib(jcparam.obj)' or at 'C:\Users\Mark\Documents\GitHub\SFML\SFML Game\Debug\vc100.pdb'; linking object as if no debug info
sfml-graphics-s-d.lib(jcphuff.obj) : warning LNK4099: PDB 'vc100.pdb' was not found with 'sfml-graphics-s-d.lib(jcphuff.obj)' or at 'C:\Users\Mark\Documents\GitHub\SFML\SFML Game\Debug\vc100.pdb'; linking object as if no debug info
sfml-graphics-s-d.lib(jcprepct.obj) : warning LNK4099: PDB 'vc100.pdb' was not found with 'sfml-graphics-s-d.lib(jcprepct.obj)' or at 'C:\Users\Mark\Documents\GitHub\SFML\SFML Game\Debug\vc100.pdb'; linking object as if no debug info
sfml-graphics-s-d.lib(jcsample.obj) : warning LNK4099: PDB 'vc100.pdb' was not found with 'sfml-graphics-s-d.lib(jcsample.obj)' or at 'C:\Users\Mark\Documents\GitHub\SFML\SFML Game\Debug\vc100.pdb'; linking object as if no debug info
sfml-graphics-s-d.lib(jdatadst.obj) : warning LNK4099: PDB 'vc100.pdb' was not found with 'sfml-graphics-s-d.lib(jdatadst.obj)' or at 'C:\Users\Mark\Documents\GitHub\SFML\SFML Game\Debug\vc100.pdb'; linking object as if no debug info
sfml-graphics-s-d.lib(jerror.obj) : warning LNK4099: PDB 'vc100.pdb' was not found with 'sfml-graphics-s-d.lib(jerror.obj)' or at 'C:\Users\Mark\Documents\GitHub\SFML\SFML Game\Debug\vc100.pdb'; linking object as if no debug info
sfml-graphics-s-d.lib(jfdctflt.obj) : warning LNK4099: PDB 'vc100.pdb' was not found with 'sfml-graphics-s-d.lib(jfdctflt.obj)' or at 'C:\Users\Mark\Documents\GitHub\SFML\SFML Game\Debug\vc100.pdb'; linking object as if no debug info
sfml-graphics-s-d.lib(jfdctfst.obj) : warning LNK4099: PDB 'vc100.pdb' was not found with 'sfml-graphics-s-d.lib(jfdctfst.obj)' or at 'C:\Users\Mark\Documents\GitHub\SFML\SFML Game\Debug\vc100.pdb'; linking object as if no debug info
sfml-graphics-s-d.lib(jfdctint.obj) : warning LNK4099: PDB 'vc100.pdb' was not found with 'sfml-graphics-s-d.lib(jfdctint.obj)' or at 'C:\Users\Mark\Documents\GitHub\SFML\SFML Game\Debug\vc100.pdb'; linking object as if no debug info
sfml-graphics-s-d.lib(jmemmgr.obj) : warning LNK4099: PDB 'vc100.pdb' was not found with 'sfml-graphics-s-d.lib(jmemmgr.obj)' or at 'C:\Users\Mark\Documents\GitHub\SFML\SFML Game\Debug\vc100.pdb'; linking object as if no debug info
sfml-graphics-s-d.lib(jmemnobs.obj) : warning LNK4099: PDB 'vc100.pdb' was not found with 'sfml-graphics-s-d.lib(jmemnobs.obj)' or at 'C:\Users\Mark\Documents\GitHub\SFML\SFML Game\Debug\vc100.pdb'; linking object as if no debug info
sfml-graphics-s-d.lib(jutils.obj) : warning LNK4099: PDB 'vc100.pdb' was not found with 'sfml-graphics-s-d.lib(jutils.obj)' or at 'C:\Users\Mark\Documents\GitHub\SFML\SFML Game\Debug\vc100.pdb'; linking object as if no debug info
sfml-graphics-s-d.lib(glew.obj) : warning LNK4099: PDB 'vc100.pdb' was not found with 'sfml-graphics-s-d.lib(glew.obj)' or at 'C:\Users\Mark\Documents\GitHub\SFML\SFML Game\Debug\vc100.pdb'; linking object as if no debug info
sfml-graphics-s-d.lib(Color.obj) : warning LNK4099: PDB 'vc100.pdb' was not found with 'sfml-graphics-s-d.lib(Color.obj)' or at 'C:\Users\Mark\Documents\GitHub\SFML\SFML Game\Debug\vc100.pdb'; linking object as if no debug info
sfml-graphics-s-d.lib(GraphicsContext.obj) : warning LNK4099: PDB 'vc100.pdb' was not found with 'sfml-graphics-s-d.lib(GraphicsContext.obj)' or at 'C:\Users\Mark\Documents\GitHub\SFML\SFML Game\Debug\vc100.pdb'; linking object as if no debug info
sfml-graphics-s-d.lib(Image.obj) : warning LNK4099: PDB 'vc100.pdb' was not found with 'sfml-graphics-s-d.lib(Image.obj)' or at 'C:\Users\Mark\Documents\GitHub\SFML\SFML Game\Debug\vc100.pdb'; linking object as if no debug info
sfml-graphics-s-d.lib(ImageLoader.obj) : warning LNK4099: PDB 'vc100.pdb' was not found with 'sfml-graphics-s-d.lib(ImageLoader.obj)' or at 'C:\Users\Mark\Documents\GitHub\SFML\SFML Game\Debug\vc100.pdb'; linking object as if no debug info
sfml-network-s-d.lib(SocketHelper.obj) : warning LNK4099: PDB 'vc100.pdb' was not found with 'sfml-network-s-d.lib(SocketHelper.obj)' or at 'C:\Users\Mark\Documents\GitHub\SFML\SFML Game\Debug\vc100.pdb'; linking object as if no debug info
sfml-network-s-d.lib(Http.obj) : warning LNK4099: PDB 'vc100.pdb' was not found with 'sfml-network-s-d.lib(Http.obj)' or at 'C:\Users\Mark\Documents\GitHub\SFML\SFML Game\Debug\vc100.pdb'; linking object as if no debug info
sfml-network-s-d.lib(IPAddress.obj) : warning LNK4099: PDB 'vc100.pdb' was not found with 'sfml-network-s-d.lib(IPAddress.obj)' or at 'C:\Users\Mark\Documents\GitHub\SFML\SFML Game\Debug\vc100.pdb'; linking object as if no debug info
sfml-network-s-d.lib(Packet.obj) : warning LNK4099: PDB 'vc100.pdb' was not found with 'sfml-network-s-d.lib(Packet.obj)' or at 'C:\Users\Mark\Documents\GitHub\SFML\SFML Game\Debug\vc100.pdb'; linking object as if no debug info
sfml-network-s-d.lib(SocketTCP.obj) : warning LNK4099: PDB 'vc100.pdb' was not found with 'sfml-network-s-d.lib(SocketTCP.obj)' or at 'C:\Users\Mark\Documents\GitHub\SFML\SFML Game\Debug\vc100.pdb'; linking object as if no debug info
sfml-network-s-d.lib(SocketUDP.obj) : warning LNK4099: PDB 'vc100.pdb' was not found with 'sfml-network-s-d.lib(SocketUDP.obj)' or at 'C:\Users\Mark\Documents\GitHub\SFML\SFML Game\Debug\vc100.pdb'; linking object as if no debug info
  SFMLGameServer.vcxproj -> C:\Users\Mark\Documents\GitHub\SFML\SFML Game\Debug\SFMLGameServer.exe
