C:\USERS\MARK\DESKTOP\SFML GAME\DEBUG\SFMLGAMESERVER.EXE
C:\USERS\MARK\DESKTOP\SFML GAME\DEBUG\SFMLGAMESERVER.ILK
C:\USERS\MARK\DESKTOP\SFML GAME\DEBUG\SFMLGAMESERVER.PDB
C:\USERS\MARK\DESKTOP\SFML GAME\SFML GAME\DEBUG\SFMLGAMESERVER.EXE
C:\USERS\MARK\DESKTOP\SFML GAME\SFML GAME\DEBUG\SFMLGAMESERVER.ILK
C:\USERS\MARK\DESKTOP\SFML GAME\SFML GAME\DEBUG\SFMLGAMESERVER.PDB
C:\USERS\MARK\DESKTOP\SFML GAME\SFML GAME\SFMLGAMESERVER\DEBUG\BULLETHANDLER.OBJ
C:\USERS\MARK\DESKTOP\SFML GAME\SFML GAME\SFMLGAMESERVER\DEBUG\CONNECTIONHANDLER.OBJ
C:\USERS\MARK\DESKTOP\SFML GAME\SFML GAME\SFMLGAMESERVER\DEBUG\GAMELOGIC.OBJ
C:\USERS\MARK\DESKTOP\SFML GAME\SFML GAME\SFMLGAMESERVER\DEBUG\LEVEL.OBJ
C:\USERS\MARK\DESKTOP\SFML GAME\SFML GAME\SFMLGAMESERVER\DEBUG\MAIN.OBJ
C:\USERS\MARK\DESKTOP\SFML GAME\SFML GAME\SFMLGAMESERVER\DEBUG\OBJECT.OBJ
C:\USERS\MARK\DESKTOP\SFML GAME\SFML GAME\SFMLGAMESERVER\DEBUG\PACKETTYPES.OBJ
C:\USERS\MARK\DESKTOP\SFML GAME\SFML GAME\SFMLGAMESERVER\DEBUG\PLAYER.OBJ
C:\USERS\MARK\DESKTOP\SFML GAME\SFML GAME\SFMLGAMESERVER\DEBUG\PROJECTILE.OBJ
C:\USERS\MARK\DESKTOP\SFML GAME\SFML GAME\SFMLGAMESERVER\DEBUG\SERVER.OBJ
C:\USERS\MARK\DESKTOP\SFML GAME\SFML GAME\SFMLGAMESERVER\DEBUG\SERVERRECEIVER.OBJ
C:\USERS\MARK\DESKTOP\SFML GAME\SFML GAME\SFMLGAMESERVER\DEBUG\SERVERROUTER.OBJ
C:\USERS\MARK\DESKTOP\SFML GAME\SFML GAME\SFMLGAMESERVER\DEBUG\SERVERTRANSMITTER.OBJ
C:\USERS\MARK\DESKTOP\SFML GAME\SFML GAME\SFMLGAMESERVER\DEBUG\SFMLGAMESERVER.EXE.EMBED.MANIFEST
C:\USERS\MARK\DESKTOP\SFML GAME\SFML GAME\SFMLGAMESERVER\DEBUG\SFMLGAMESERVER.EXE.EMBED.MANIFEST.RES
C:\USERS\MARK\DESKTOP\SFML GAME\SFML GAME\SFMLGAMESERVER\DEBUG\SFMLGAMESERVER.EXE.INTERMEDIATE.MANIFEST
C:\USERS\MARK\DESKTOP\SFML GAME\SFML GAME\SFMLGAMESERVER\DEBUG\SHAREDCONSTANTS.OBJ
C:\USERS\MARK\DESKTOP\SFML GAME\SFML GAME\SFMLGAMESERVER\DEBUG\VC100.PDB
C:\USERS\MARK\DESKTOP\SFML GAME\SFMLGAMESERVER\DEBUG\BULLETHANDLER.OBJ
C:\USERS\MARK\DESKTOP\SFML GAME\SFMLGAMESERVER\DEBUG\CONNECTIONHANDLER.OBJ
C:\USERS\MARK\DESKTOP\SFML GAME\SFMLGAMESERVER\DEBUG\GAMELOGIC.OBJ
C:\USERS\MARK\DESKTOP\SFML GAME\SFMLGAMESERVER\DEBUG\LEVEL.OBJ
C:\USERS\MARK\DESKTOP\SFML GAME\SFMLGAMESERVER\DEBUG\MAIN.OBJ
C:\USERS\MARK\DESKTOP\SFML GAME\SFMLGAMESERVER\DEBUG\OBJECT.OBJ
C:\USERS\MARK\DESKTOP\SFML GAME\SFMLGAMESERVER\DEBUG\PACKETTYPES.OBJ
C:\USERS\MARK\DESKTOP\SFML GAME\SFMLGAMESERVER\DEBUG\PLAYER.OBJ
C:\USERS\MARK\DESKTOP\SFML GAME\SFMLGAMESERVER\DEBUG\PROJECTILE.OBJ
C:\USERS\MARK\DESKTOP\SFML GAME\SFMLGAMESERVER\DEBUG\SERVER.OBJ
C:\USERS\MARK\DESKTOP\SFML GAME\SFMLGAMESERVER\DEBUG\SERVERRECEIVER.OBJ
C:\USERS\MARK\DESKTOP\SFML GAME\SFMLGAMESERVER\DEBUG\SERVERROUTER.OBJ
C:\USERS\MARK\DESKTOP\SFML GAME\SFMLGAMESERVER\DEBUG\SERVERTRANSMITTER.OBJ
C:\USERS\MARK\DESKTOP\SFML GAME\SFMLGAMESERVER\DEBUG\SFMLGAMESERVER.EXE.EMBED.MANIFEST.RES
C:\USERS\MARK\DESKTOP\SFML GAME\SFMLGAMESERVER\DEBUG\SFMLGAMESERVER.EXE.INTERMEDIATE.MANIFEST
C:\USERS\MARK\DESKTOP\SFML GAME\SFMLGAMESERVER\DEBUG\SHAREDCONSTANTS.OBJ
C:\USERS\MARK\DESKTOP\SFML GAME\SFMLGAMESERVER\DEBUG\VC100.PDB
C:\USERS\MARK\DOCUMENTS\GITHUB\SFML\SFML GAME\DEBUG\SFMLGAMESERVER.EXE
C:\USERS\MARK\DOCUMENTS\GITHUB\SFML\SFML GAME\DEBUG\SFMLGAMESERVER.ILK
C:\USERS\MARK\DOCUMENTS\GITHUB\SFML\SFML GAME\DEBUG\SFMLGAMESERVER.PDB
C:\USERS\MARK\DOCUMENTS\GITHUB\SFML\SFML GAME\SFMLGAMESERVER\DEBUG\BULLETHANDLER.OBJ
C:\Users\Mark\Documents\GitHub\SFML\SFML Game\SFMLGameServer\Debug\cl.command.1.tlog
C:\Users\Mark\Documents\GitHub\SFML\SFML Game\SFMLGameServer\Debug\CL.read.1.tlog
C:\Users\Mark\Documents\GitHub\SFML\SFML Game\SFMLGameServer\Debug\CL.write.1.tlog
C:\USERS\MARK\DOCUMENTS\GITHUB\SFML\SFML GAME\SFMLGAMESERVER\DEBUG\CONNECTIONHANDLER.OBJ
C:\USERS\MARK\DOCUMENTS\GITHUB\SFML\SFML GAME\SFMLGAMESERVER\DEBUG\GAMELOGIC.OBJ
C:\USERS\MARK\DOCUMENTS\GITHUB\SFML\SFML GAME\SFMLGAMESERVER\DEBUG\LEVEL.OBJ
C:\Users\Mark\Documents\GitHub\SFML\SFML Game\SFMLGameServer\Debug\link.1072.read.1.tlog
C:\Users\Mark\Documents\GitHub\SFML\SFML Game\SFMLGameServer\Debug\link.1072.read.2.tlog
C:\Users\Mark\Documents\GitHub\SFML\SFML Game\SFMLGameServer\Debug\link.1072.write.1.tlog
C:\Users\Mark\Documents\GitHub\SFML\SFML Game\SFMLGameServer\Debug\link.1072-cvtres.read.1.tlog
C:\Users\Mark\Documents\GitHub\SFML\SFML Game\SFMLGameServer\Debug\link.1072-cvtres.write.1.tlog
C:\Users\Mark\Documents\GitHub\SFML\SFML Game\SFMLGameServer\Debug\link.1192.read.1.tlog
C:\Users\Mark\Documents\GitHub\SFML\SFML Game\SFMLGameServer\Debug\link.1192.read.2.tlog
C:\Users\Mark\Documents\GitHub\SFML\SFML Game\SFMLGameServer\Debug\link.1192.write.1.tlog
C:\Users\Mark\Documents\GitHub\SFML\SFML Game\SFMLGameServer\Debug\link.1192-cvtres.read.1.tlog
C:\Users\Mark\Documents\GitHub\SFML\SFML Game\SFMLGameServer\Debug\link.1192-cvtres.write.1.tlog
C:\Users\Mark\Documents\GitHub\SFML\SFML Game\SFMLGameServer\Debug\link.1260.read.1.tlog
C:\Users\Mark\Documents\GitHub\SFML\SFML Game\SFMLGameServer\Debug\link.1260.read.2.tlog
C:\Users\Mark\Documents\GitHub\SFML\SFML Game\SFMLGameServer\Debug\link.1260.write.1.tlog
C:\Users\Mark\Documents\GitHub\SFML\SFML Game\SFMLGameServer\Debug\link.1260-cvtres.read.1.tlog
C:\Users\Mark\Documents\GitHub\SFML\SFML Game\SFMLGameServer\Debug\link.1260-cvtres.write.1.tlog
C:\Users\Mark\Documents\GitHub\SFML\SFML Game\SFMLGameServer\Debug\link.3312.read.1.tlog
C:\Users\Mark\Documents\GitHub\SFML\SFML Game\SFMLGameServer\Debug\link.3312.read.2.tlog
C:\Users\Mark\Documents\GitHub\SFML\SFML Game\SFMLGameServer\Debug\link.3312.write.1.tlog
C:\Users\Mark\Documents\GitHub\SFML\SFML Game\SFMLGameServer\Debug\link.3312-cvtres.read.1.tlog
C:\Users\Mark\Documents\GitHub\SFML\SFML Game\SFMLGameServer\Debug\link.3312-cvtres.write.1.tlog
C:\Users\Mark\Documents\GitHub\SFML\SFML Game\SFMLGameServer\Debug\link.5028.read.1.tlog
C:\Users\Mark\Documents\GitHub\SFML\SFML Game\SFMLGameServer\Debug\link.5028.read.2.tlog
C:\Users\Mark\Documents\GitHub\SFML\SFML Game\SFMLGameServer\Debug\link.5028.write.1.tlog
C:\Users\Mark\Documents\GitHub\SFML\SFML Game\SFMLGameServer\Debug\link.5028-cvtres.read.1.tlog
C:\Users\Mark\Documents\GitHub\SFML\SFML Game\SFMLGameServer\Debug\link.5028-cvtres.write.1.tlog
C:\Users\Mark\Documents\GitHub\SFML\SFML Game\SFMLGameServer\Debug\link.5156.read.1.tlog
C:\Users\Mark\Documents\GitHub\SFML\SFML Game\SFMLGameServer\Debug\link.5156.read.2.tlog
C:\Users\Mark\Documents\GitHub\SFML\SFML Game\SFMLGameServer\Debug\link.5156.write.1.tlog
C:\Users\Mark\Documents\GitHub\SFML\SFML Game\SFMLGameServer\Debug\link.5156-cvtres.read.1.tlog
C:\Users\Mark\Documents\GitHub\SFML\SFML Game\SFMLGameServer\Debug\link.5156-cvtres.write.1.tlog
C:\Users\Mark\Documents\GitHub\SFML\SFML Game\SFMLGameServer\Debug\link.5192.read.1.tlog
C:\Users\Mark\Documents\GitHub\SFML\SFML Game\SFMLGameServer\Debug\link.5192.read.2.tlog
C:\Users\Mark\Documents\GitHub\SFML\SFML Game\SFMLGameServer\Debug\link.5192.write.1.tlog
C:\Users\Mark\Documents\GitHub\SFML\SFML Game\SFMLGameServer\Debug\link.5192-cvtres.read.1.tlog
C:\Users\Mark\Documents\GitHub\SFML\SFML Game\SFMLGameServer\Debug\link.5192-cvtres.write.1.tlog
C:\Users\Mark\Documents\GitHub\SFML\SFML Game\SFMLGameServer\Debug\link.6020.read.1.tlog
C:\Users\Mark\Documents\GitHub\SFML\SFML Game\SFMLGameServer\Debug\link.6020.read.2.tlog
C:\Users\Mark\Documents\GitHub\SFML\SFML Game\SFMLGameServer\Debug\link.6020.write.1.tlog
C:\Users\Mark\Documents\GitHub\SFML\SFML Game\SFMLGameServer\Debug\link.6020-cvtres.read.1.tlog
C:\Users\Mark\Documents\GitHub\SFML\SFML Game\SFMLGameServer\Debug\link.6020-cvtres.write.1.tlog
C:\Users\Mark\Documents\GitHub\SFML\SFML Game\SFMLGameServer\Debug\link.6952.read.1.tlog
C:\Users\Mark\Documents\GitHub\SFML\SFML Game\SFMLGameServer\Debug\link.6952.read.2.tlog
C:\Users\Mark\Documents\GitHub\SFML\SFML Game\SFMLGameServer\Debug\link.6952.write.1.tlog
C:\Users\Mark\Documents\GitHub\SFML\SFML Game\SFMLGameServer\Debug\link.6952-cvtres.read.1.tlog
C:\Users\Mark\Documents\GitHub\SFML\SFML Game\SFMLGameServer\Debug\link.6952-cvtres.write.1.tlog
C:\Users\Mark\Documents\GitHub\SFML\SFML Game\SFMLGameServer\Debug\link.command.1.tlog
C:\Users\Mark\Documents\GitHub\SFML\SFML Game\SFMLGameServer\Debug\link.read.1.tlog
C:\Users\Mark\Documents\GitHub\SFML\SFML Game\SFMLGameServer\Debug\link.read.2.tlog
C:\Users\Mark\Documents\GitHub\SFML\SFML Game\SFMLGameServer\Debug\link.write.1.tlog
C:\Users\Mark\Documents\GitHub\SFML\SFML Game\SFMLGameServer\Debug\link-cvtres.read.1.tlog
C:\Users\Mark\Documents\GitHub\SFML\SFML Game\SFMLGameServer\Debug\link-cvtres.write.1.tlog
C:\USERS\MARK\DOCUMENTS\GITHUB\SFML\SFML GAME\SFMLGAMESERVER\DEBUG\MAIN.OBJ
C:\Users\Mark\Documents\GitHub\SFML\SFML Game\SFMLGameServer\Debug\mt.command.1.tlog
C:\Users\Mark\Documents\GitHub\SFML\SFML Game\SFMLGameServer\Debug\mt.read.1.tlog
C:\Users\Mark\Documents\GitHub\SFML\SFML Game\SFMLGameServer\Debug\mt.write.1.tlog
C:\USERS\MARK\DOCUMENTS\GITHUB\SFML\SFML GAME\SFMLGAMESERVER\DEBUG\OBJECT.OBJ
C:\USERS\MARK\DOCUMENTS\GITHUB\SFML\SFML GAME\SFMLGAMESERVER\DEBUG\PACKETTYPES.OBJ
C:\USERS\MARK\DOCUMENTS\GITHUB\SFML\SFML GAME\SFMLGAMESERVER\DEBUG\PLAYER.OBJ
C:\USERS\MARK\DOCUMENTS\GITHUB\SFML\SFML GAME\SFMLGAMESERVER\DEBUG\PROJECTILE.OBJ
C:\Users\Mark\Documents\GitHub\SFML\SFML Game\SFMLGameServer\Debug\rc.command.1.tlog
C:\Users\Mark\Documents\GitHub\SFML\SFML Game\SFMLGameServer\Debug\rc.read.1.tlog
C:\Users\Mark\Documents\GitHub\SFML\SFML Game\SFMLGameServer\Debug\rc.write.1.tlog
C:\USERS\MARK\DOCUMENTS\GITHUB\SFML\SFML GAME\SFMLGAMESERVER\DEBUG\SERVER.OBJ
C:\USERS\MARK\DOCUMENTS\GITHUB\SFML\SFML GAME\SFMLGAMESERVER\DEBUG\SERVERRECEIVER.OBJ
C:\USERS\MARK\DOCUMENTS\GITHUB\SFML\SFML GAME\SFMLGAMESERVER\DEBUG\SERVERROUTER.OBJ
C:\USERS\MARK\DOCUMENTS\GITHUB\SFML\SFML GAME\SFMLGAMESERVER\DEBUG\SERVERTRANSMITTER.OBJ
C:\Users\Mark\Documents\GitHub\SFML\SFML Game\SFMLGameServer\Debug\SFMLGameServer.exe.embed.manifest
C:\USERS\MARK\DOCUMENTS\GITHUB\SFML\SFML GAME\SFMLGAMESERVER\DEBUG\SFMLGAMESERVER.EXE.EMBED.MANIFEST.RES
C:\USERS\MARK\DOCUMENTS\GITHUB\SFML\SFML GAME\SFMLGAMESERVER\DEBUG\SFMLGAMESERVER.EXE.INTERMEDIATE.MANIFEST
C:\Users\Mark\Documents\GitHub\SFML\SFML Game\SFMLGameServer\Debug\SFMLGameServer.write.1.tlog
C:\Users\Mark\Documents\GitHub\SFML\SFML Game\SFMLGameServer\Debug\SFMLGameServer_manifest.rc
C:\USERS\MARK\DOCUMENTS\GITHUB\SFML\SFML GAME\SFMLGAMESERVER\DEBUG\SHAREDCONSTANTS.OBJ
C:\Users\Mark\Documents\GitHub\SFML\SFML Game\SFMLGameServer\Debug\vc100.idb
C:\USERS\MARK\DOCUMENTS\GITHUB\SFML\SFML GAME\SFMLGAMESERVER\DEBUG\VC100.PDB
