C:\USERS\MARK\DOCUMENTS\GITHUB\SFML\SFML GAME\RELEASE\SFMLGAMECLIENT.EXE
C:\USERS\MARK\DOCUMENTS\GITHUB\SFML\SFML GAME\RELEASE\SFMLGAMECLIENT.PDB
C:\USERS\MARK\DOCUMENTS\GITHUB\SFML\SFML GAME\SFMLGAMECLIENT\RELEASE\AUDIOMANAGER.OBJ
C:\USERS\MARK\DOCUMENTS\GITHUB\SFML\SFML GAME\SFMLGAMECLIENT\RELEASE\BULLETSPRITE.OBJ
C:\USERS\MARK\DOCUMENTS\GITHUB\SFML\SFML GAME\SFMLGAMECLIENT\RELEASE\BUTTON.OBJ
C:\Users\Mark\Documents\GitHub\SFML\SFML Game\SFMLGameClient\Release\cl.command.1.tlog
C:\Users\Mark\Documents\GitHub\SFML\SFML Game\SFMLGameClient\Release\CL.read.1.tlog
C:\Users\Mark\Documents\GitHub\SFML\SFML Game\SFMLGameClient\Release\CL.write.1.tlog
C:\USERS\MARK\DOCUMENTS\GITHUB\SFML\SFML GAME\SFMLGAMECLIENT\RELEASE\CLIENTRECEIVER.OBJ
C:\USERS\MARK\DOCUMENTS\GITHUB\SFML\SFML GAME\SFMLGAMECLIENT\RELEASE\CLIENTTRANSMITTER.OBJ
C:\USERS\MARK\DOCUMENTS\GITHUB\SFML\SFML GAME\SFMLGAMECLIENT\RELEASE\CREDITSSTATE.OBJ
C:\USERS\MARK\DOCUMENTS\GITHUB\SFML\SFML GAME\SFMLGAMECLIENT\RELEASE\GAMEMANAGER.OBJ
C:\USERS\MARK\DOCUMENTS\GITHUB\SFML\SFML GAME\SFMLGAMECLIENT\RELEASE\GAMESTATE.OBJ
C:\USERS\MARK\DOCUMENTS\GITHUB\SFML\SFML GAME\SFMLGAMECLIENT\RELEASE\HEALTHBARSPRITE.OBJ
C:\USERS\MARK\DOCUMENTS\GITHUB\SFML\SFML GAME\SFMLGAMECLIENT\RELEASE\HELPSTATE.OBJ
C:\USERS\MARK\DOCUMENTS\GITHUB\SFML\SFML GAME\SFMLGAMECLIENT\RELEASE\INPUTBOX.OBJ
C:\USERS\MARK\DOCUMENTS\GITHUB\SFML\SFML GAME\SFMLGAMECLIENT\RELEASE\LEVEL.OBJ
C:\Users\Mark\Documents\GitHub\SFML\SFML Game\SFMLGameClient\Release\link.command.1.tlog
C:\Users\Mark\Documents\GitHub\SFML\SFML Game\SFMLGameClient\Release\link.read.1.tlog
C:\Users\Mark\Documents\GitHub\SFML\SFML Game\SFMLGameClient\Release\link.write.1.tlog
C:\USERS\MARK\DOCUMENTS\GITHUB\SFML\SFML GAME\SFMLGAMECLIENT\RELEASE\LOBBYSTATE.OBJ
C:\USERS\MARK\DOCUMENTS\GITHUB\SFML\SFML GAME\SFMLGAMECLIENT\RELEASE\MAIN.OBJ
C:\USERS\MARK\DOCUMENTS\GITHUB\SFML\SFML GAME\SFMLGAMECLIENT\RELEASE\MENUSTATE.OBJ
C:\Users\Mark\Documents\GitHub\SFML\SFML Game\SFMLGameClient\Release\mt.command.1.tlog
C:\Users\Mark\Documents\GitHub\SFML\SFML Game\SFMLGameClient\Release\mt.read.1.tlog
C:\Users\Mark\Documents\GitHub\SFML\SFML Game\SFMLGameClient\Release\mt.write.1.tlog
C:\USERS\MARK\DOCUMENTS\GITHUB\SFML\SFML GAME\SFMLGAMECLIENT\RELEASE\NOTIFICATIONBOX.OBJ
C:\USERS\MARK\DOCUMENTS\GITHUB\SFML\SFML GAME\SFMLGAMECLIENT\RELEASE\OPTIONSSTATE.OBJ
C:\USERS\MARK\DOCUMENTS\GITHUB\SFML\SFML GAME\SFMLGAMECLIENT\RELEASE\PACKETTYPES.OBJ
C:\USERS\MARK\DOCUMENTS\GITHUB\SFML\SFML GAME\SFMLGAMECLIENT\RELEASE\PLAYERSPRITE.OBJ
C:\USERS\MARK\DOCUMENTS\GITHUB\SFML\SFML GAME\SFMLGAMECLIENT\RELEASE\PUGIXML.OBJ
C:\USERS\MARK\DOCUMENTS\GITHUB\SFML\SFML GAME\SFMLGAMECLIENT\RELEASE\SCOREBOARD.OBJ
C:\USERS\MARK\DOCUMENTS\GITHUB\SFML\SFML GAME\SFMLGAMECLIENT\RELEASE\SFMLGAMECLIENT.EXE.INTERMEDIATE.MANIFEST
C:\Users\Mark\Documents\GitHub\SFML\SFML Game\SFMLGameClient\Release\SFMLGameClient.vcxprojResolveAssemblyReference.cache
C:\Users\Mark\Documents\GitHub\SFML\SFML Game\SFMLGameClient\Release\SFMLGameClient.write.1.tlog
C:\USERS\MARK\DOCUMENTS\GITHUB\SFML\SFML GAME\SFMLGAMECLIENT\RELEASE\SHAREDCONSTANTS.OBJ
C:\USERS\MARK\DOCUMENTS\GITHUB\SFML\SFML GAME\SFMLGAMECLIENT\RELEASE\SIMPLEPERSISTENCE.OBJ
C:\USERS\MARK\DOCUMENTS\GITHUB\SFML\SFML GAME\SFMLGAMECLIENT\RELEASE\SPLASHSTATE.OBJ
C:\USERS\MARK\DOCUMENTS\GITHUB\SFML\SFML GAME\SFMLGAMECLIENT\RELEASE\SPRITESHEET.OBJ
C:\USERS\MARK\DOCUMENTS\GITHUB\SFML\SFML GAME\SFMLGAMECLIENT\RELEASE\STARFIELD.OBJ
C:\USERS\MARK\DOCUMENTS\GITHUB\SFML\SFML GAME\SFMLGAMECLIENT\RELEASE\STARTSTATE.OBJ
C:\USERS\MARK\DOCUMENTS\GITHUB\SFML\SFML GAME\SFMLGAMECLIENT\RELEASE\STATE.OBJ
C:\USERS\MARK\DOCUMENTS\GITHUB\SFML\SFML GAME\SFMLGAMECLIENT\RELEASE\TEXTINPUTBOX.OBJ
C:\USERS\MARK\DOCUMENTS\GITHUB\SFML\SFML GAME\SFMLGAMECLIENT\RELEASE\VC100.PDB
