C:\USERS\MARK\DOCUMENTS\GITHUB\SFML\SFML GAME\RELEASE\SFMLGAMESERVER.EXE
C:\USERS\MARK\DOCUMENTS\GITHUB\SFML\SFML GAME\RELEASE\SFMLGAMESERVER.PDB
C:\USERS\MARK\DOCUMENTS\GITHUB\SFML\SFML GAME\SFMLGAMESERVER\RELEASE\BULLETHANDLER.OBJ
C:\Users\Mark\Documents\GitHub\SFML\SFML Game\SFMLGameServer\Release\cl.command.1.tlog
C:\Users\Mark\Documents\GitHub\SFML\SFML Game\SFMLGameServer\Release\CL.read.1.tlog
C:\Users\Mark\Documents\GitHub\SFML\SFML Game\SFMLGameServer\Release\CL.write.1.tlog
C:\USERS\MARK\DOCUMENTS\GITHUB\SFML\SFML GAME\SFMLGAMESERVER\RELEASE\CONNECTIONHANDLER.OBJ
C:\USERS\MARK\DOCUMENTS\GITHUB\SFML\SFML GAME\SFMLGAMESERVER\RELEASE\GAMELOGIC.OBJ
C:\USERS\MARK\DOCUMENTS\GITHUB\SFML\SFML GAME\SFMLGAMESERVER\RELEASE\LEVEL.OBJ
C:\Users\Mark\Documents\GitHub\SFML\SFML Game\SFMLGameServer\Release\link.command.1.tlog
C:\Users\Mark\Documents\GitHub\SFML\SFML Game\SFMLGameServer\Release\link.read.1.tlog
C:\Users\Mark\Documents\GitHub\SFML\SFML Game\SFMLGameServer\Release\link.write.1.tlog
C:\USERS\MARK\DOCUMENTS\GITHUB\SFML\SFML GAME\SFMLGAMESERVER\RELEASE\MAIN.OBJ
C:\Users\Mark\Documents\GitHub\SFML\SFML Game\SFMLGameServer\Release\mt.command.1.tlog
C:\Users\Mark\Documents\GitHub\SFML\SFML Game\SFMLGameServer\Release\mt.read.1.tlog
C:\Users\Mark\Documents\GitHub\SFML\SFML Game\SFMLGameServer\Release\mt.write.1.tlog
C:\USERS\MARK\DOCUMENTS\GITHUB\SFML\SFML GAME\SFMLGAMESERVER\RELEASE\OBJECT.OBJ
C:\USERS\MARK\DOCUMENTS\GITHUB\SFML\SFML GAME\SFMLGAMESERVER\RELEASE\PACKETTYPES.OBJ
C:\USERS\MARK\DOCUMENTS\GITHUB\SFML\SFML GAME\SFMLGAMESERVER\RELEASE\PLAYER.OBJ
C:\USERS\MARK\DOCUMENTS\GITHUB\SFML\SFML GAME\SFMLGAMESERVER\RELEASE\PROJECTILE.OBJ
C:\USERS\MARK\DOCUMENTS\GITHUB\SFML\SFML GAME\SFMLGAMESERVER\RELEASE\SERVER.OBJ
C:\USERS\MARK\DOCUMENTS\GITHUB\SFML\SFML GAME\SFMLGAMESERVER\RELEASE\SERVERRECEIVER.OBJ
C:\USERS\MARK\DOCUMENTS\GITHUB\SFML\SFML GAME\SFMLGAMESERVER\RELEASE\SERVERROUTER.OBJ
C:\USERS\MARK\DOCUMENTS\GITHUB\SFML\SFML GAME\SFMLGAMESERVER\RELEASE\SERVERTRANSMITTER.OBJ
C:\USERS\MARK\DOCUMENTS\GITHUB\SFML\SFML GAME\SFMLGAMESERVER\RELEASE\SFMLGAMESERVER.EXE.INTERMEDIATE.MANIFEST
C:\USERS\MARK\DOCUMENTS\GITHUB\SFML\SFML GAME\SFMLGAMESERVER\RELEASE\SHAREDCONSTANTS.OBJ
C:\USERS\MARK\DOCUMENTS\GITHUB\SFML\SFML GAME\SFMLGAMESERVER\RELEASE\VC100.PDB
