Build started 24/02/2013 00:40:44.
     1>Project "C:\Coding\Unity\SFML\SFMLGame\SFMLGameServer\SFMLGameServer.vcxproj" on node 2 (build target(s)).
     1>InitializeBuildStatus:
         Touching "Debug\SFMLGameServer.unsuccessfulbuild".
       ClCompile:
         c:\Program Files (x86)\Microsoft Visual Studio 10.0\VC\bin\CL.exe /c /I"..\SFML-1.6\include" /ZI /nologo /W3 /WX- /Od /Oy- /D WIN32 /D _DEBUG /D _CONSOLE /D _UNICODE /D UNICODE /Gm /EHsc /MDd /GS /fp:precise /Zc:wchar_t /Zc:forScope /Fo"Debug\\" /Fd"Debug\vc100.pdb" /Gd /TP /analyze- /errorReport:prompt ConnectionHandler.cpp
         ConnectionHandler.cpp
     1>c:\coding\unity\sfml\sfmlgame\sfmlgameserver\connectionhandler.cpp(84): warning C4018: '<' : signed/unsigned mismatch
     1>c:\coding\unity\sfml\sfmlgame\sfmlgameserver\connectionhandler.cpp(161): warning C4018: '<' : signed/unsigned mismatch
       ManifestResourceCompile:
         All outputs are up-to-date.
       Link:
         c:\Program Files (x86)\Microsoft Visual Studio 10.0\VC\bin\link.exe /ERRORREPORT:PROMPT /OUT:"C:\Coding\Unity\SFML\SFMLGame\Debug\SFMLGameServer.exe" /INCREMENTAL /NOLOGO /LIBPATH:"..\SFML-1.6\lib\vc2010" "sfml-system-s-d.lib" "sfml-window-s-d.lib" "sfml-graphics-s-d.lib" "sfml-network-s-d.lib" "sfml-main-d.lib" kernel32.lib user32.lib gdi32.lib winspool.lib comdlg32.lib advapi32.lib shell32.lib ole32.lib oleaut32.lib uuid.lib odbc32.lib odbccp32.lib /MANIFEST /ManifestFile:"Debug\SFMLGameServer.exe.intermediate.manifest" /MANIFESTUAC:"level='asInvoker' uiAccess='false'" /DEBUG /PDB:"C:\Coding\Unity\SFML\SFMLGame\Debug\SFMLGameServer.pdb" /SUBSYSTEM:CONSOLE /TLBID:1 /DYNAMICBASE /NXCOMPAT /IMPLIB:"C:\Coding\Unity\SFML\SFMLGame\Debug\SFMLGameServer.lib" /MACHINE:X86 Debug\SFMLGameServer.exe.embed.manifest.res
         Debug\PacketTypes.obj
         Debug\SharedConstants.obj
         Debug\ConnectionHandler.obj
         Debug\GameLogic.obj
         Debug\Main.obj
         Debug\ServerReceiver.obj
         Debug\ServerRouter.obj
         Debug\ServerTransmitter.obj
     1>sfml-system-s-d.lib(Platform.obj) : warning LNK4099: PDB 'vc100.pdb' was not found with 'sfml-system-s-d.lib(Platform.obj)' or at 'C:\Coding\Unity\SFML\SFMLGame\Debug\vc100.pdb'; linking object as if no debug info
     1>sfml-system-s-d.lib(Clock.obj) : warning LNK4099: PDB 'vc100.pdb' was not found with 'sfml-system-s-d.lib(Clock.obj)' or at 'C:\Coding\Unity\SFML\SFMLGame\Debug\vc100.pdb'; linking object as if no debug info
     1>sfml-system-s-d.lib(Sleep.obj) : warning LNK4099: PDB 'vc100.pdb' was not found with 'sfml-system-s-d.lib(Sleep.obj)' or at 'C:\Coding\Unity\SFML\SFMLGame\Debug\vc100.pdb'; linking object as if no debug info
     1>sfml-network-s-d.lib(SocketHelper.obj) : warning LNK4099: PDB 'vc100.pdb' was not found with 'sfml-network-s-d.lib(SocketHelper.obj)' or at 'C:\Coding\Unity\SFML\SFMLGame\Debug\vc100.pdb'; linking object as if no debug info
     1>sfml-network-s-d.lib(Http.obj) : warning LNK4099: PDB 'vc100.pdb' was not found with 'sfml-network-s-d.lib(Http.obj)' or at 'C:\Coding\Unity\SFML\SFMLGame\Debug\vc100.pdb'; linking object as if no debug info
     1>sfml-network-s-d.lib(IPAddress.obj) : warning LNK4099: PDB 'vc100.pdb' was not found with 'sfml-network-s-d.lib(IPAddress.obj)' or at 'C:\Coding\Unity\SFML\SFMLGame\Debug\vc100.pdb'; linking object as if no debug info
     1>sfml-network-s-d.lib(Packet.obj) : warning LNK4099: PDB 'vc100.pdb' was not found with 'sfml-network-s-d.lib(Packet.obj)' or at 'C:\Coding\Unity\SFML\SFMLGame\Debug\vc100.pdb'; linking object as if no debug info
     1>sfml-network-s-d.lib(SocketTCP.obj) : warning LNK4099: PDB 'vc100.pdb' was not found with 'sfml-network-s-d.lib(SocketTCP.obj)' or at 'C:\Coding\Unity\SFML\SFMLGame\Debug\vc100.pdb'; linking object as if no debug info
     1>sfml-network-s-d.lib(SocketUDP.obj) : warning LNK4099: PDB 'vc100.pdb' was not found with 'sfml-network-s-d.lib(SocketUDP.obj)' or at 'C:\Coding\Unity\SFML\SFMLGame\Debug\vc100.pdb'; linking object as if no debug info
       Manifest:
         c:\Program Files (x86)\Microsoft SDKs\Windows\v7.0A\bin\mt.exe /nologo /verbose /out:"Debug\SFMLGameServer.exe.embed.manifest" /manifest Debug\SFMLGameServer.exe.intermediate.manifest
         All outputs are up-to-date.
       LinkEmbedManifest:
         All outputs are up-to-date.
         SFMLGameServer.vcxproj -> C:\Coding\Unity\SFML\SFMLGame\Debug\SFMLGameServer.exe
       FinalizeBuildStatus:
         Deleting file "Debug\SFMLGameServer.unsuccessfulbuild".
         Touching "Debug\SFMLGameServer.lastbuildstate".
     1>Done Building Project "C:\Coding\Unity\SFML\SFMLGame\SFMLGameServer\SFMLGameServer.vcxproj" (build target(s)).

Build succeeded.

Time Elapsed 00:00:01.52
