\\VMWFIL03\STUDENTS$\1101100\DESKTOP\SFML-MARK\SFML-MARK\SFMLGAME\DEBUG\SFMLGAMESERVER.EXE
\\VMWFIL03\STUDENTS$\1101100\DESKTOP\SFML-MARK\SFML-MARK\SFMLGAME\DEBUG\SFMLGAMESERVER.ILK
\\VMWFIL03\STUDENTS$\1101100\DESKTOP\SFML-MARK\SFML-MARK\SFMLGAME\DEBUG\SFMLGAMESERVER.PDB
\\vmwfil03\students$\1101100\desktop\SFML-Mark\SFML-Mark\SFMLGame\SFMLGameServer\Debug\cl.command.1.tlog
\\vmwfil03\students$\1101100\desktop\SFML-Mark\SFML-Mark\SFMLGame\SFMLGameServer\Debug\CL.read.1.tlog
\\vmwfil03\students$\1101100\desktop\SFML-Mark\SFML-Mark\SFMLGame\SFMLGameServer\Debug\CL.write.1.tlog
\\VMWFIL03\STUDENTS$\1101100\DESKTOP\SFML-MARK\SFML-MARK\SFMLGAME\SFMLGAMESERVER\DEBUG\CONNECTIONHANDLER.OBJ
\\VMWFIL03\STUDENTS$\1101100\DESKTOP\SFML-MARK\SFML-MARK\SFMLGAME\SFMLGAMESERVER\DEBUG\GAMELOGIC.OBJ
\\vmwfil03\students$\1101100\desktop\SFML-Mark\SFML-Mark\SFMLGame\SFMLGameServer\Debug\link.1012.read.1.tlog
\\vmwfil03\students$\1101100\desktop\SFML-Mark\SFML-Mark\SFMLGame\SFMLGameServer\Debug\link.1012.read.2.tlog
\\vmwfil03\students$\1101100\desktop\SFML-Mark\SFML-Mark\SFMLGame\SFMLGameServer\Debug\link.1012.write.1.tlog
\\vmwfil03\students$\1101100\desktop\SFML-Mark\SFML-Mark\SFMLGame\SFMLGameServer\Debug\link.1012-cvtres.read.1.tlog
\\vmwfil03\students$\1101100\desktop\SFML-Mark\SFML-Mark\SFMLGame\SFMLGameServer\Debug\link.1012-cvtres.write.1.tlog
\\vmwfil03\students$\1101100\desktop\SFML-Mark\SFML-Mark\SFMLGame\SFMLGameServer\Debug\link.2256.read.1.tlog
\\vmwfil03\students$\1101100\desktop\SFML-Mark\SFML-Mark\SFMLGame\SFMLGameServer\Debug\link.2256.write.1.tlog
\\vmwfil03\students$\1101100\desktop\SFML-Mark\SFML-Mark\SFMLGame\SFMLGameServer\Debug\link.2256-cvtres.read.1.tlog
\\vmwfil03\students$\1101100\desktop\SFML-Mark\SFML-Mark\SFMLGame\SFMLGameServer\Debug\link.2256-cvtres.write.1.tlog
\\vmwfil03\students$\1101100\desktop\SFML-Mark\SFML-Mark\SFMLGame\SFMLGameServer\Debug\link.4160.read.1.tlog
\\vmwfil03\students$\1101100\desktop\SFML-Mark\SFML-Mark\SFMLGame\SFMLGameServer\Debug\link.4160.read.2.tlog
\\vmwfil03\students$\1101100\desktop\SFML-Mark\SFML-Mark\SFMLGame\SFMLGameServer\Debug\link.4160.write.1.tlog
\\vmwfil03\students$\1101100\desktop\SFML-Mark\SFML-Mark\SFMLGame\SFMLGameServer\Debug\link.4160-cvtres.read.1.tlog
\\vmwfil03\students$\1101100\desktop\SFML-Mark\SFML-Mark\SFMLGame\SFMLGameServer\Debug\link.4160-cvtres.write.1.tlog
\\vmwfil03\students$\1101100\desktop\SFML-Mark\SFML-Mark\SFMLGame\SFMLGameServer\Debug\link.5340.read.1.tlog
\\vmwfil03\students$\1101100\desktop\SFML-Mark\SFML-Mark\SFMLGame\SFMLGameServer\Debug\link.5340.read.2.tlog
\\vmwfil03\students$\1101100\desktop\SFML-Mark\SFML-Mark\SFMLGame\SFMLGameServer\Debug\link.5340.write.1.tlog
\\vmwfil03\students$\1101100\desktop\SFML-Mark\SFML-Mark\SFMLGame\SFMLGameServer\Debug\link.5340-cvtres.read.1.tlog
\\vmwfil03\students$\1101100\desktop\SFML-Mark\SFML-Mark\SFMLGame\SFMLGameServer\Debug\link.5340-cvtres.write.1.tlog
\\vmwfil03\students$\1101100\desktop\SFML-Mark\SFML-Mark\SFMLGame\SFMLGameServer\Debug\link.5968.read.1.tlog
\\vmwfil03\students$\1101100\desktop\SFML-Mark\SFML-Mark\SFMLGame\SFMLGameServer\Debug\link.5968.read.2.tlog
\\vmwfil03\students$\1101100\desktop\SFML-Mark\SFML-Mark\SFMLGame\SFMLGameServer\Debug\link.5968.write.1.tlog
\\vmwfil03\students$\1101100\desktop\SFML-Mark\SFML-Mark\SFMLGame\SFMLGameServer\Debug\link.5968-cvtres.read.1.tlog
\\vmwfil03\students$\1101100\desktop\SFML-Mark\SFML-Mark\SFMLGame\SFMLGameServer\Debug\link.5968-cvtres.write.1.tlog
\\vmwfil03\students$\1101100\desktop\SFML-Mark\SFML-Mark\SFMLGame\SFMLGameServer\Debug\link.command.1.tlog
\\vmwfil03\students$\1101100\desktop\SFML-Mark\SFML-Mark\SFMLGame\SFMLGameServer\Debug\link.read.1.tlog
\\vmwfil03\students$\1101100\desktop\SFML-Mark\SFML-Mark\SFMLGame\SFMLGameServer\Debug\link.read.2.tlog
\\vmwfil03\students$\1101100\desktop\SFML-Mark\SFML-Mark\SFMLGame\SFMLGameServer\Debug\link.write.1.tlog
\\vmwfil03\students$\1101100\desktop\SFML-Mark\SFML-Mark\SFMLGame\SFMLGameServer\Debug\link-cvtres.read.1.tlog
\\vmwfil03\students$\1101100\desktop\SFML-Mark\SFML-Mark\SFMLGame\SFMLGameServer\Debug\link-cvtres.write.1.tlog
\\VMWFIL03\STUDENTS$\1101100\DESKTOP\SFML-MARK\SFML-MARK\SFMLGAME\SFMLGAMESERVER\DEBUG\MAIN.OBJ
\\vmwfil03\students$\1101100\desktop\SFML-Mark\SFML-Mark\SFMLGame\SFMLGameServer\Debug\mt.command.1.tlog
\\vmwfil03\students$\1101100\desktop\SFML-Mark\SFML-Mark\SFMLGame\SFMLGameServer\Debug\mt.read.1.tlog
\\vmwfil03\students$\1101100\desktop\SFML-Mark\SFML-Mark\SFMLGame\SFMLGameServer\Debug\mt.write.1.tlog
\\VMWFIL03\STUDENTS$\1101100\DESKTOP\SFML-MARK\SFML-MARK\SFMLGAME\SFMLGAMESERVER\DEBUG\PACKETTYPES.OBJ
\\vmwfil03\students$\1101100\desktop\SFML-Mark\SFML-Mark\SFMLGame\SFMLGameServer\Debug\rc.command.1.tlog
\\vmwfil03\students$\1101100\desktop\SFML-Mark\SFML-Mark\SFMLGame\SFMLGameServer\Debug\rc.read.1.tlog
\\vmwfil03\students$\1101100\desktop\SFML-Mark\SFML-Mark\SFMLGame\SFMLGameServer\Debug\rc.write.1.tlog
\\VMWFIL03\STUDENTS$\1101100\DESKTOP\SFML-MARK\SFML-MARK\SFMLGAME\SFMLGAMESERVER\DEBUG\SERVERRECEIVER.OBJ
\\VMWFIL03\STUDENTS$\1101100\DESKTOP\SFML-MARK\SFML-MARK\SFMLGAME\SFMLGAMESERVER\DEBUG\SERVERROUTER.OBJ
\\VMWFIL03\STUDENTS$\1101100\DESKTOP\SFML-MARK\SFML-MARK\SFMLGAME\SFMLGAMESERVER\DEBUG\SERVERTRANSMITTER.OBJ
\\vmwfil03\students$\1101100\desktop\SFML-Mark\SFML-Mark\SFMLGame\SFMLGameServer\Debug\SFMLGameServer.exe.embed.manifest
\\VMWFIL03\STUDENTS$\1101100\DESKTOP\SFML-MARK\SFML-MARK\SFMLGAME\SFMLGAMESERVER\DEBUG\SFMLGAMESERVER.EXE.EMBED.MANIFEST.RES
\\VMWFIL03\STUDENTS$\1101100\DESKTOP\SFML-MARK\SFML-MARK\SFMLGAME\SFMLGAMESERVER\DEBUG\SFMLGAMESERVER.EXE.INTERMEDIATE.MANIFEST
\\vmwfil03\students$\1101100\desktop\SFML-Mark\SFML-Mark\SFMLGame\SFMLGameServer\Debug\SFMLGameServer_manifest.rc
\\VMWFIL03\STUDENTS$\1101100\DESKTOP\SFML-MARK\SFML-MARK\SFMLGAME\SFMLGAMESERVER\DEBUG\SHAREDCONSTANTS.OBJ
\\vmwfil03\students$\1101100\desktop\SFML-Mark\SFML-Mark\SFMLGame\SFMLGameServer\Debug\vc100.idb
\\VMWFIL03\STUDENTS$\1101100\DESKTOP\SFML-MARK\SFML-MARK\SFMLGAME\SFMLGAMESERVER\DEBUG\VC100.PDB
C:\USERS\1101100\DOWNLOADS\SFML-MARK\SFML-MARK\SFMLGAME\DEBUG\SFMLGAMESERVER.EXE
C:\USERS\1101100\DOWNLOADS\SFML-MARK\SFML-MARK\SFMLGAME\DEBUG\SFMLGAMESERVER.ILK
C:\USERS\1101100\DOWNLOADS\SFML-MARK\SFML-MARK\SFMLGAME\DEBUG\SFMLGAMESERVER.PDB
C:\USERS\1101100\DOWNLOADS\SFML-MARK\SFML-MARK\SFMLGAME\SFMLGAMESERVER\DEBUG\CONNECTIONHANDLER.OBJ
C:\USERS\1101100\DOWNLOADS\SFML-MARK\SFML-MARK\SFMLGAME\SFMLGAMESERVER\DEBUG\GAMELOGIC.OBJ
C:\USERS\1101100\DOWNLOADS\SFML-MARK\SFML-MARK\SFMLGAME\SFMLGAMESERVER\DEBUG\MAIN.OBJ
C:\USERS\1101100\DOWNLOADS\SFML-MARK\SFML-MARK\SFMLGAME\SFMLGAMESERVER\DEBUG\PACKETTYPES.OBJ
C:\USERS\1101100\DOWNLOADS\SFML-MARK\SFML-MARK\SFMLGAME\SFMLGAMESERVER\DEBUG\SERVERRECEIVER.OBJ
C:\USERS\1101100\DOWNLOADS\SFML-MARK\SFML-MARK\SFMLGAME\SFMLGAMESERVER\DEBUG\SERVERROUTER.OBJ
C:\USERS\1101100\DOWNLOADS\SFML-MARK\SFML-MARK\SFMLGAME\SFMLGAMESERVER\DEBUG\SERVERTRANSMITTER.OBJ
C:\USERS\1101100\DOWNLOADS\SFML-MARK\SFML-MARK\SFMLGAME\SFMLGAMESERVER\DEBUG\SFMLGAMESERVER.EXE.EMBED.MANIFEST.RES
C:\USERS\1101100\DOWNLOADS\SFML-MARK\SFML-MARK\SFMLGAME\SFMLGAMESERVER\DEBUG\SFMLGAMESERVER.EXE.INTERMEDIATE.MANIFEST
C:\USERS\1101100\DOWNLOADS\SFML-MARK\SFML-MARK\SFMLGAME\SFMLGAMESERVER\DEBUG\SHAREDCONSTANTS.OBJ
C:\USERS\1101100\DOWNLOADS\SFML-MARK\SFML-MARK\SFMLGAME\SFMLGAMESERVER\DEBUG\VC100.PDB
C:\USERS\ELLIOT\DROPBOX\SFML PROJECT\SFMLGAME - COPY\DEBUG\SFMLGAMESERVER.EXE
C:\USERS\ELLIOT\DROPBOX\SFML PROJECT\SFMLGAME - COPY\DEBUG\SFMLGAMESERVER.ILK
C:\USERS\ELLIOT\DROPBOX\SFML PROJECT\SFMLGAME - COPY\DEBUG\SFMLGAMESERVER.PDB
C:\USERS\ELLIOT\DROPBOX\SFML PROJECT\SFMLGAME - COPY\SFMLGAMESERVER\DEBUG\CONNECTIONHANDLER.OBJ
C:\USERS\ELLIOT\DROPBOX\SFML PROJECT\SFMLGAME - COPY\SFMLGAMESERVER\DEBUG\GAMELOGIC.OBJ
C:\USERS\ELLIOT\DROPBOX\SFML PROJECT\SFMLGAME - COPY\SFMLGAMESERVER\DEBUG\MAIN.OBJ
C:\USERS\ELLIOT\DROPBOX\SFML PROJECT\SFMLGAME - COPY\SFMLGAMESERVER\DEBUG\PACKETTYPES.OBJ
C:\USERS\ELLIOT\DROPBOX\SFML PROJECT\SFMLGAME - COPY\SFMLGAMESERVER\DEBUG\SERVERRECEIVER.OBJ
C:\USERS\ELLIOT\DROPBOX\SFML PROJECT\SFMLGAME - COPY\SFMLGAMESERVER\DEBUG\SERVERROUTER.OBJ
C:\USERS\ELLIOT\DROPBOX\SFML PROJECT\SFMLGAME - COPY\SFMLGAMESERVER\DEBUG\SERVERTRANSMITTER.OBJ
C:\USERS\ELLIOT\DROPBOX\SFML PROJECT\SFMLGAME - COPY\SFMLGAMESERVER\DEBUG\SFMLGAMESERVER.EXE.EMBED.MANIFEST.RES
C:\USERS\ELLIOT\DROPBOX\SFML PROJECT\SFMLGAME - COPY\SFMLGAMESERVER\DEBUG\SFMLGAMESERVER.EXE.INTERMEDIATE.MANIFEST
C:\USERS\ELLIOT\DROPBOX\SFML PROJECT\SFMLGAME - COPY\SFMLGAMESERVER\DEBUG\SHAREDCONSTANTS.OBJ
C:\USERS\ELLIOT\DROPBOX\SFML PROJECT\SFMLGAME - COPY\SFMLGAMESERVER\DEBUG\VC100.PDB
C:\USERS\ELLIOT\DROPBOX\SFML PROJECT\SFMLGAME\DEBUG\SFMLGAMESERVER.EXE
C:\USERS\ELLIOT\DROPBOX\SFML PROJECT\SFMLGAME\DEBUG\SFMLGAMESERVER.ILK
C:\USERS\ELLIOT\DROPBOX\SFML PROJECT\SFMLGAME\DEBUG\SFMLGAMESERVER.PDB
C:\USERS\ELLIOT\DROPBOX\SFML PROJECT\SFMLGAME\SFMLGAMESERVER\DEBUG\CONNECTIONHANDLER.OBJ
C:\USERS\ELLIOT\DROPBOX\SFML PROJECT\SFMLGAME\SFMLGAMESERVER\DEBUG\GAMELOGIC.OBJ
C:\USERS\ELLIOT\DROPBOX\SFML PROJECT\SFMLGAME\SFMLGAMESERVER\DEBUG\MAIN.OBJ
C:\USERS\ELLIOT\DROPBOX\SFML PROJECT\SFMLGAME\SFMLGAMESERVER\DEBUG\PACKETTYPES.OBJ
C:\USERS\ELLIOT\DROPBOX\SFML PROJECT\SFMLGAME\SFMLGAMESERVER\DEBUG\SERVERRECEIVER.OBJ
C:\USERS\ELLIOT\DROPBOX\SFML PROJECT\SFMLGAME\SFMLGAMESERVER\DEBUG\SERVERROUTER.OBJ
C:\USERS\ELLIOT\DROPBOX\SFML PROJECT\SFMLGAME\SFMLGAMESERVER\DEBUG\SERVERTRANSMITTER.OBJ
C:\USERS\ELLIOT\DROPBOX\SFML PROJECT\SFMLGAME\SFMLGAMESERVER\DEBUG\SFMLGAMESERVER.EXE.EMBED.MANIFEST
C:\USERS\ELLIOT\DROPBOX\SFML PROJECT\SFMLGAME\SFMLGAMESERVER\DEBUG\SFMLGAMESERVER.EXE.EMBED.MANIFEST.RES
C:\USERS\ELLIOT\DROPBOX\SFML PROJECT\SFMLGAME\SFMLGAMESERVER\DEBUG\SFMLGAMESERVER.EXE.INTERMEDIATE.MANIFEST
C:\USERS\ELLIOT\DROPBOX\SFML PROJECT\SFMLGAME\SFMLGAMESERVER\DEBUG\SHAREDCONSTANTS.OBJ
C:\USERS\ELLIOT\DROPBOX\SFML PROJECT\SFMLGAME\SFMLGAMESERVER\DEBUG\VC100.PDB
C:\USERS\MARK\DESKTOP\SFMLGAME\DEBUG\SFMLGAMESERVER.EXE
C:\USERS\MARK\DESKTOP\SFMLGAME\DEBUG\SFMLGAMESERVER.ILK
C:\USERS\MARK\DESKTOP\SFMLGAME\DEBUG\SFMLGAMESERVER.PDB
C:\USERS\MARK\DESKTOP\SFMLGAME\SFMLGAMESERVER\DEBUG\CONNECTIONHANDLER.OBJ
C:\USERS\MARK\DESKTOP\SFMLGAME\SFMLGAMESERVER\DEBUG\GAMELOGIC.OBJ
C:\USERS\MARK\DESKTOP\SFMLGAME\SFMLGAMESERVER\DEBUG\MAIN.OBJ
C:\USERS\MARK\DESKTOP\SFMLGAME\SFMLGAMESERVER\DEBUG\PACKETTYPES.OBJ
C:\USERS\MARK\DESKTOP\SFMLGAME\SFMLGAMESERVER\DEBUG\SERVERRECEIVER.OBJ
C:\USERS\MARK\DESKTOP\SFMLGAME\SFMLGAMESERVER\DEBUG\SERVERROUTER.OBJ
C:\USERS\MARK\DESKTOP\SFMLGAME\SFMLGAMESERVER\DEBUG\SERVERTRANSMITTER.OBJ
C:\USERS\MARK\DESKTOP\SFMLGAME\SFMLGAMESERVER\DEBUG\SFMLGAMESERVER.EXE.EMBED.MANIFEST
C:\USERS\MARK\DESKTOP\SFMLGAME\SFMLGAMESERVER\DEBUG\SFMLGAMESERVER.EXE.EMBED.MANIFEST.RES
C:\USERS\MARK\DESKTOP\SFMLGAME\SFMLGAMESERVER\DEBUG\SFMLGAMESERVER.EXE.INTERMEDIATE.MANIFEST
C:\USERS\MARK\DESKTOP\SFMLGAME\SFMLGAMESERVER\DEBUG\SHAREDCONSTANTS.OBJ
C:\USERS\MARK\DESKTOP\SFMLGAME\SFMLGAMESERVER\DEBUG\VC100.PDB
