  GameState.cpp
c:\users\mark\documents\github\sfml\sfml game\sfmlgameclient\gamestate.cpp(25): warning C4018: '<' : signed/unsigned mismatch
c:\users\mark\documents\github\sfml\sfml game\sfmlgameclient\gamestate.cpp(31): warning C4018: '<' : signed/unsigned mismatch
  SharedConstants.cpp
  Generating Code...
  Compiling...
  GameManager.cpp
  Generating Code...
  Skipping... (no relevant changes detected)
  State.cpp
  SplashState.cpp
  PlayerSprite.cpp
  OptionsState.cpp
  MenuState.cpp
  Main.cpp
  LobbyState.cpp
  Level.cpp
  HelpState.cpp
  CreditsState.cpp
  ClientTransmitter.cpp
  ClientReceiver.cpp
  PacketTypes.cpp
  SFMLGameClient.vcxproj -> C:\Users\Mark\Documents\GitHub\SFML\SFML Game\Debug\SFMLGameClient.exe
