C:\USERS\MARK\DESKTOP\SFML-MASTER\SFML GAME\DEBUG\SFMLGAMECLIENT.EXE
C:\USERS\MARK\DESKTOP\SFML-MASTER\SFML GAME\DEBUG\SFMLGAMECLIENT.ILK
C:\USERS\MARK\DESKTOP\SFML-MASTER\SFML GAME\DEBUG\SFMLGAMECLIENT.PDB
C:\USERS\MARK\DESKTOP\SFML-MASTER\SFML GAME\SFMLGAMECLIENT\DEBUG\BULLETSPRITE.OBJ
C:\Users\Mark\Desktop\SFML-master\SFML Game\SFMLGameClient\Debug\cl.command.1.tlog
C:\Users\Mark\Desktop\SFML-master\SFML Game\SFMLGameClient\Debug\CL.read.1.tlog
C:\Users\Mark\Desktop\SFML-master\SFML Game\SFMLGameClient\Debug\CL.write.1.tlog
C:\USERS\MARK\DESKTOP\SFML-MASTER\SFML GAME\SFMLGAMECLIENT\DEBUG\CLIENTRECEIVER.OBJ
C:\USERS\MARK\DESKTOP\SFML-MASTER\SFML GAME\SFMLGAMECLIENT\DEBUG\CLIENTTRANSMITTER.OBJ
C:\USERS\MARK\DESKTOP\SFML-MASTER\SFML GAME\SFMLGAMECLIENT\DEBUG\GAMEMANAGER.OBJ
C:\USERS\MARK\DESKTOP\SFML-MASTER\SFML GAME\SFMLGAMECLIENT\DEBUG\GAMESTATE.OBJ
C:\USERS\MARK\DESKTOP\SFML-MASTER\SFML GAME\SFMLGAMECLIENT\DEBUG\HEALTHBARSPRITE.OBJ
C:\USERS\MARK\DESKTOP\SFML-MASTER\SFML GAME\SFMLGAMECLIENT\DEBUG\LEVEL.OBJ
C:\Users\Mark\Desktop\SFML-master\SFML Game\SFMLGameClient\Debug\link.5108.read.1.tlog
C:\Users\Mark\Desktop\SFML-master\SFML Game\SFMLGameClient\Debug\link.5108.write.1.tlog
C:\Users\Mark\Desktop\SFML-master\SFML Game\SFMLGameClient\Debug\link.5108-cvtres.read.1.tlog
C:\Users\Mark\Desktop\SFML-master\SFML Game\SFMLGameClient\Debug\link.5108-cvtres.write.1.tlog
C:\Users\Mark\Desktop\SFML-master\SFML Game\SFMLGameClient\Debug\link.command.1.tlog
C:\Users\Mark\Desktop\SFML-master\SFML Game\SFMLGameClient\Debug\link.read.1.tlog
C:\Users\Mark\Desktop\SFML-master\SFML Game\SFMLGameClient\Debug\link.write.1.tlog
C:\Users\Mark\Desktop\SFML-master\SFML Game\SFMLGameClient\Debug\link-cvtres.read.1.tlog
C:\Users\Mark\Desktop\SFML-master\SFML Game\SFMLGameClient\Debug\link-cvtres.write.1.tlog
C:\USERS\MARK\DESKTOP\SFML-MASTER\SFML GAME\SFMLGAMECLIENT\DEBUG\MAIN.OBJ
C:\Users\Mark\Desktop\SFML-master\SFML Game\SFMLGameClient\Debug\mt.command.1.tlog
C:\Users\Mark\Desktop\SFML-master\SFML Game\SFMLGameClient\Debug\mt.read.1.tlog
C:\Users\Mark\Desktop\SFML-master\SFML Game\SFMLGameClient\Debug\mt.write.1.tlog
C:\USERS\MARK\DESKTOP\SFML-MASTER\SFML GAME\SFMLGAMECLIENT\DEBUG\PACKETTYPES.OBJ
C:\USERS\MARK\DESKTOP\SFML-MASTER\SFML GAME\SFMLGAMECLIENT\DEBUG\PLAYERSPRITE.OBJ
C:\Users\Mark\Desktop\SFML-master\SFML Game\SFMLGameClient\Debug\rc.command.1.tlog
C:\Users\Mark\Desktop\SFML-master\SFML Game\SFMLGameClient\Debug\rc.read.1.tlog
C:\Users\Mark\Desktop\SFML-master\SFML Game\SFMLGameClient\Debug\rc.write.1.tlog
C:\USERS\MARK\DESKTOP\SFML-MASTER\SFML GAME\SFMLGAMECLIENT\DEBUG\SFMLGAMECLIENT.EXE.EMBED.MANIFEST
C:\USERS\MARK\DESKTOP\SFML-MASTER\SFML GAME\SFMLGAMECLIENT\DEBUG\SFMLGAMECLIENT.EXE.EMBED.MANIFEST.RES
C:\USERS\MARK\DESKTOP\SFML-MASTER\SFML GAME\SFMLGAMECLIENT\DEBUG\SFMLGAMECLIENT.EXE.INTERMEDIATE.MANIFEST
C:\Users\Mark\Desktop\SFML-master\SFML Game\SFMLGameClient\Debug\SFMLGameClient_manifest.rc
C:\USERS\MARK\DESKTOP\SFML-MASTER\SFML GAME\SFMLGAMECLIENT\DEBUG\SHAREDCONSTANTS.OBJ
C:\USERS\MARK\DESKTOP\SFML-MASTER\SFML GAME\SFMLGAMECLIENT\DEBUG\STARTSTATE.OBJ
C:\USERS\MARK\DESKTOP\SFML-MASTER\SFML GAME\SFMLGAMECLIENT\DEBUG\STATE.OBJ
C:\USERS\MARK\DESKTOP\SFML-MASTER\SFML GAME\SFMLGAMECLIENT\DEBUG\TEXTINPUTBOX.OBJ
C:\Users\Mark\Desktop\SFML-master\SFML Game\SFMLGameClient\Debug\vc100.idb
C:\USERS\MARK\DESKTOP\SFML-MASTER\SFML GAME\SFMLGAMECLIENT\DEBUG\VC100.PDB
