C:\USERS\MARK\DESKTOP\SFML-MARK\SFMLGAME\DEBUG\SFMLGAMESERVER.EXE
C:\USERS\MARK\DESKTOP\SFML-MARK\SFMLGAME\DEBUG\SFMLGAMESERVER.ILK
C:\USERS\MARK\DESKTOP\SFML-MARK\SFMLGAME\DEBUG\SFMLGAMESERVER.PDB
C:\USERS\MARK\DESKTOP\SFML-MARK\SFMLGAME\SFMLGAMESERVER\DEBUG\ASSETS.OBJ
C:\Users\Mark\Desktop\SFML-Mark\SFMLGame\SFMLGameServer\Debug\cl.command.1.tlog
C:\Users\Mark\Desktop\SFML-Mark\SFMLGame\SFMLGameServer\Debug\CL.read.1.tlog
C:\Users\Mark\Desktop\SFML-Mark\SFMLGame\SFMLGameServer\Debug\CL.write.1.tlog
C:\USERS\MARK\DESKTOP\SFML-MARK\SFMLGAME\SFMLGAMESERVER\DEBUG\CONNECTIONHANDLER.OBJ
C:\USERS\MARK\DESKTOP\SFML-MARK\SFMLGAME\SFMLGAMESERVER\DEBUG\GAMELOGIC.OBJ
C:\Users\Mark\Desktop\SFML-Mark\SFMLGame\SFMLGameServer\Debug\link.2568.read.1.tlog
C:\Users\Mark\Desktop\SFML-Mark\SFMLGame\SFMLGameServer\Debug\link.2568.read.2.tlog
C:\Users\Mark\Desktop\SFML-Mark\SFMLGame\SFMLGameServer\Debug\link.2568.write.1.tlog
C:\Users\Mark\Desktop\SFML-Mark\SFMLGame\SFMLGameServer\Debug\link.2568-cvtres.read.1.tlog
C:\Users\Mark\Desktop\SFML-Mark\SFMLGame\SFMLGameServer\Debug\link.2568-cvtres.write.1.tlog
C:\Users\Mark\Desktop\SFML-Mark\SFMLGame\SFMLGameServer\Debug\link.command.1.tlog
C:\Users\Mark\Desktop\SFML-Mark\SFMLGame\SFMLGameServer\Debug\link.read.1.tlog
C:\Users\Mark\Desktop\SFML-Mark\SFMLGame\SFMLGameServer\Debug\link.read.2.tlog
C:\Users\Mark\Desktop\SFML-Mark\SFMLGame\SFMLGameServer\Debug\link.write.1.tlog
C:\Users\Mark\Desktop\SFML-Mark\SFMLGame\SFMLGameServer\Debug\link-cvtres.read.1.tlog
C:\Users\Mark\Desktop\SFML-Mark\SFMLGame\SFMLGameServer\Debug\link-cvtres.write.1.tlog
C:\USERS\MARK\DESKTOP\SFML-MARK\SFMLGAME\SFMLGAMESERVER\DEBUG\MAIN.OBJ
C:\Users\Mark\Desktop\SFML-Mark\SFMLGame\SFMLGameServer\Debug\mt.command.1.tlog
C:\Users\Mark\Desktop\SFML-Mark\SFMLGame\SFMLGameServer\Debug\mt.read.1.tlog
C:\Users\Mark\Desktop\SFML-Mark\SFMLGame\SFMLGameServer\Debug\mt.write.1.tlog
C:\USERS\MARK\DESKTOP\SFML-MARK\SFMLGAME\SFMLGAMESERVER\DEBUG\PACKETTYPES.OBJ
C:\USERS\MARK\DESKTOP\SFML-MARK\SFMLGAME\SFMLGAMESERVER\DEBUG\PLAYER.OBJ
C:\Users\Mark\Desktop\SFML-Mark\SFMLGame\SFMLGameServer\Debug\rc.command.1.tlog
C:\Users\Mark\Desktop\SFML-Mark\SFMLGame\SFMLGameServer\Debug\rc.read.1.tlog
C:\Users\Mark\Desktop\SFML-Mark\SFMLGame\SFMLGameServer\Debug\rc.write.1.tlog
C:\USERS\MARK\DESKTOP\SFML-MARK\SFMLGAME\SFMLGAMESERVER\DEBUG\SERVER.OBJ
C:\USERS\MARK\DESKTOP\SFML-MARK\SFMLGAME\SFMLGAMESERVER\DEBUG\SERVERRECEIVER.OBJ
C:\USERS\MARK\DESKTOP\SFML-MARK\SFMLGAME\SFMLGAMESERVER\DEBUG\SERVERROUTER.OBJ
C:\USERS\MARK\DESKTOP\SFML-MARK\SFMLGAME\SFMLGAMESERVER\DEBUG\SERVERTRANSMITTER.OBJ
C:\USERS\MARK\DESKTOP\SFML-MARK\SFMLGAME\SFMLGAMESERVER\DEBUG\SFMLGAMESERVER.EXE.EMBED.MANIFEST
C:\USERS\MARK\DESKTOP\SFML-MARK\SFMLGAME\SFMLGAMESERVER\DEBUG\SFMLGAMESERVER.EXE.EMBED.MANIFEST.RES
C:\USERS\MARK\DESKTOP\SFML-MARK\SFMLGAME\SFMLGAMESERVER\DEBUG\SFMLGAMESERVER.EXE.INTERMEDIATE.MANIFEST
C:\Users\Mark\Desktop\SFML-Mark\SFMLGame\SFMLGameServer\Debug\SFMLGameServer_manifest.rc
C:\USERS\MARK\DESKTOP\SFML-MARK\SFMLGAME\SFMLGAMESERVER\DEBUG\SHAREDCONSTANTS.OBJ
C:\Users\Mark\Desktop\SFML-Mark\SFMLGame\SFMLGameServer\Debug\vc100.idb
C:\USERS\MARK\DESKTOP\SFML-MARK\SFMLGAME\SFMLGAMESERVER\DEBUG\VC100.PDB
