Build started 19/03/2013 19:57:16.
     1>Project "C:\Coding\Unity\SFML\SFML Merged 16-03-2013\SFMLGameServer\SFMLGameServer.vcxproj" on node 2 (build target(s)).
     1>InitializeBuildStatus:
         Touching "Debug\SFMLGameServer.unsuccessfulbuild".
       ClCompile:
         c:\Program Files (x86)\Microsoft Visual Studio 10.0\VC\bin\CL.exe /c /I"..\SFML-1.6\include" /I"..\rapidxml-1.13" /ZI /nologo /W3 /WX- /Od /Oy- /D WIN32 /D _DEBUG /D _CONSOLE /D _UNICODE /D UNICODE /Gm /EHsc /MDd /GS /fp:precise /Zc:wchar_t /Zc:forScope /Fo"Debug\\" /Fd"Debug\vc100.pdb" /Gd /TP /analyze- /errorReport:prompt Player.cpp
         Player.cpp
       ManifestResourceCompile:
         All outputs are up-to-date.
       Link:
         c:\Program Files (x86)\Microsoft Visual Studio 10.0\VC\bin\link.exe /ERRORREPORT:PROMPT /OUT:"C:\Coding\Unity\SFML\SFML Merged 16-03-2013\Debug\SFMLGameServer.exe" /INCREMENTAL /NOLOGO /LIBPATH:"..\SFML-1.6\lib\vc2010" /LIBPATH:"..\rapidxml-1.13" "sfml-system-s-d.lib" "sfml-window-s-d.lib" "sfml-graphics-s-d.lib" "sfml-network-s-d.lib" "sfml-main-d.lib" kernel32.lib user32.lib gdi32.lib winspool.lib comdlg32.lib advapi32.lib shell32.lib ole32.lib oleaut32.lib uuid.lib odbc32.lib odbccp32.lib /MANIFEST /ManifestFile:"Debug\SFMLGameServer.exe.intermediate.manifest" /MANIFESTUAC:"level='asInvoker' uiAccess='false'" /DEBUG /PDB:"C:\Coding\Unity\SFML\SFML Merged 16-03-2013\Debug\SFMLGameServer.pdb" /SUBSYSTEM:CONSOLE /TLBID:1 /DYNAMICBASE /NXCOMPAT /IMPLIB:"C:\Coding\Unity\SFML\SFML Merged 16-03-2013\Debug\SFMLGameServer.lib" /MACHINE:X86 Debug\SFMLGameServer.exe.embed.manifest.res
         Debug\PacketTypes.obj
         Debug\SharedConstants.obj
         Debug\BulletHandler.obj
         Debug\Level.obj
         Debug\Object.obj
         Debug\Player.obj
         Debug\Projectile.obj
         Debug\Server.obj
         Debug\ConnectionHandler.obj
         Debug\GameLogic.obj
         Debug\Main.obj
         Debug\ServerReceiver.obj
         Debug\ServerRouter.obj
         Debug\ServerTransmitter.obj
       Manifest:
         c:\Program Files (x86)\Microsoft SDKs\Windows\v7.0A\bin\mt.exe /nologo /verbose /out:"Debug\SFMLGameServer.exe.embed.manifest" /manifest Debug\SFMLGameServer.exe.intermediate.manifest
         All outputs are up-to-date.
       LinkEmbedManifest:
         All outputs are up-to-date.
         SFMLGameServer.vcxproj -> C:\Coding\Unity\SFML\SFML Merged 16-03-2013\Debug\SFMLGameServer.exe
       FinalizeBuildStatus:
         Deleting file "Debug\SFMLGameServer.unsuccessfulbuild".
         Touching "Debug\SFMLGameServer.lastbuildstate".
     1>Done Building Project "C:\Coding\Unity\SFML\SFML Merged 16-03-2013\SFMLGameServer\SFMLGameServer.vcxproj" (build target(s)).

Build succeeded.

Time Elapsed 00:00:01.40
